[0.241s] Invoking command in '/home/weng/work/navigation_ws/build/navigation_interfaces': CMAKE_PREFIX_PATH=${CMAKE_PREFIX_PATH}:/home/weng/work/navigation_ws/install/gpp_pkg:/home/weng/work/navigation_ws/install/global_path_test_pkg:/opt/ros/humble /usr/local/bin/cmake --build /home/weng/work/navigation_ws/build/navigation_interfaces -- -j24 -l24
[0.289s] [  3%] Built target navigation_interfaces__cpp
[0.290s] [ 12%] Built target navigation_interfaces__rosidl_generator_c
[0.292s] [ 12%] Built target ament_cmake_python_copy_navigation_interfaces
[0.295s] [ 22%] Built target navigation_interfaces__rosidl_typesupport_introspection_cpp
[0.296s] [ 32%] Built target navigation_interfaces__rosidl_typesupport_fastrtps_cpp
[0.296s] [ 41%] Built target navigation_interfaces__rosidl_typesupport_cpp
[0.296s] [ 51%] Built target navigation_interfaces__rosidl_typesupport_fastrtps_c
[0.297s] [ 61%] Built target navigation_interfaces__rosidl_typesupport_introspection_c
[0.297s] [ 70%] Built target navigation_interfaces__rosidl_typesupport_c
[0.301s] [ 70%] Built target navigation_interfaces
[0.306s] [ 74%] Built target navigation_interfaces__py
[0.311s] [ 80%] Built target navigation_interfaces__rosidl_generator_py
[0.317s] [ 87%] Built target navigation_interfaces__rosidl_typesupport_c__pyext
[0.317s] [ 93%] Built target navigation_interfaces__rosidl_typesupport_introspection_c__pyext
[0.317s] [100%] Built target navigation_interfaces__rosidl_typesupport_fastrtps_c__pyext
[0.407s] running egg_info
[0.407s] writing navigation_interfaces.egg-info/PKG-INFO
[0.407s] writing dependency_links to navigation_interfaces.egg-info/dependency_links.txt
[0.407s] writing top-level names to navigation_interfaces.egg-info/top_level.txt
[0.409s] reading manifest file 'navigation_interfaces.egg-info/SOURCES.txt'
[0.409s] writing manifest file 'navigation_interfaces.egg-info/SOURCES.txt'
[0.420s] [100%] Built target ament_cmake_python_build_navigation_interfaces_egg
[0.430s] Invoked command in '/home/weng/work/navigation_ws/build/navigation_interfaces' returned '0': CMAKE_PREFIX_PATH=${CMAKE_PREFIX_PATH}:/home/weng/work/navigation_ws/install/gpp_pkg:/home/weng/work/navigation_ws/install/global_path_test_pkg:/opt/ros/humble /usr/local/bin/cmake --build /home/weng/work/navigation_ws/build/navigation_interfaces -- -j24 -l24
[0.547s] Invoking command in '/home/weng/work/navigation_ws/build/navigation_interfaces': CMAKE_PREFIX_PATH=${CMAKE_PREFIX_PATH}:/home/weng/work/navigation_ws/install/gpp_pkg:/home/weng/work/navigation_ws/install/global_path_test_pkg:/opt/ros/humble /usr/local/bin/cmake --install /home/weng/work/navigation_ws/build/navigation_interfaces
[0.585s] -- Install configuration: ""
[0.585s] -- Up-to-date: /home/weng/work/navigation_ws/install/navigation_interfaces/share/ament_index/resource_index/rosidl_interfaces/navigation_interfaces
[0.585s] -- Up-to-date: /home/weng/work/navigation_ws/install/navigation_interfaces/include/navigation_interfaces/navigation_interfaces
[0.585s] -- Up-to-date: /home/weng/work/navigation_ws/install/navigation_interfaces/include/navigation_interfaces/navigation_interfaces/srv
[0.585s] -- Up-to-date: /home/weng/work/navigation_ws/install/navigation_interfaces/include/navigation_interfaces/navigation_interfaces/srv/path_service.h
[0.585s] -- Up-to-date: /home/weng/work/navigation_ws/install/navigation_interfaces/include/navigation_interfaces/navigation_interfaces/srv/detail
[0.585s] -- Up-to-date: /home/weng/work/navigation_ws/install/navigation_interfaces/include/navigation_interfaces/navigation_interfaces/srv/detail/path_service__type_support.h
[0.585s] -- Up-to-date: /home/weng/work/navigation_ws/install/navigation_interfaces/include/navigation_interfaces/navigation_interfaces/srv/detail/path_service__struct.h
[0.585s] -- Up-to-date: /home/weng/work/navigation_ws/install/navigation_interfaces/include/navigation_interfaces/navigation_interfaces/srv/detail/path_service__functions.c
[0.585s] -- Up-to-date: /home/weng/work/navigation_ws/install/navigation_interfaces/include/navigation_interfaces/navigation_interfaces/srv/detail/path_service__functions.h
[0.585s] -- Up-to-date: /home/weng/work/navigation_ws/install/navigation_interfaces/include/navigation_interfaces/navigation_interfaces/msg
[0.585s] -- Up-to-date: /home/weng/work/navigation_ws/install/navigation_interfaces/include/navigation_interfaces/navigation_interfaces/msg/rosidl_generator_c__visibility_control.h
[0.585s] -- Up-to-date: /home/weng/work/navigation_ws/install/navigation_interfaces/share/navigation_interfaces/environment/library_path.sh
[0.585s] -- Up-to-date: /home/weng/work/navigation_ws/install/navigation_interfaces/share/navigation_interfaces/environment/library_path.dsv
[0.585s] -- Up-to-date: /home/weng/work/navigation_ws/install/navigation_interfaces/lib/libnavigation_interfaces__rosidl_generator_c.so
[0.585s] -- Up-to-date: /home/weng/work/navigation_ws/install/navigation_interfaces/include/navigation_interfaces/navigation_interfaces
[0.585s] -- Up-to-date: /home/weng/work/navigation_ws/install/navigation_interfaces/include/navigation_interfaces/navigation_interfaces/srv
[0.585s] -- Up-to-date: /home/weng/work/navigation_ws/install/navigation_interfaces/include/navigation_interfaces/navigation_interfaces/srv/detail
[0.585s] -- Up-to-date: /home/weng/work/navigation_ws/install/navigation_interfaces/include/navigation_interfaces/navigation_interfaces/srv/detail/path_service__rosidl_typesupport_fastrtps_c.h
[0.585s] -- Up-to-date: /home/weng/work/navigation_ws/install/navigation_interfaces/include/navigation_interfaces/navigation_interfaces/msg
[0.585s] -- Up-to-date: /home/weng/work/navigation_ws/install/navigation_interfaces/include/navigation_interfaces/navigation_interfaces/msg/rosidl_typesupport_fastrtps_c__visibility_control.h
[0.585s] -- Up-to-date: /home/weng/work/navigation_ws/install/navigation_interfaces/lib/libnavigation_interfaces__rosidl_typesupport_fastrtps_c.so
[0.585s] -- Up-to-date: /home/weng/work/navigation_ws/install/navigation_interfaces/include/navigation_interfaces/navigation_interfaces
[0.585s] -- Up-to-date: /home/weng/work/navigation_ws/install/navigation_interfaces/include/navigation_interfaces/navigation_interfaces/srv
[0.585s] -- Up-to-date: /home/weng/work/navigation_ws/install/navigation_interfaces/include/navigation_interfaces/navigation_interfaces/srv/detail
[0.585s] -- Up-to-date: /home/weng/work/navigation_ws/install/navigation_interfaces/include/navigation_interfaces/navigation_interfaces/srv/detail/path_service__rosidl_typesupport_introspection_c.h
[0.585s] -- Up-to-date: /home/weng/work/navigation_ws/install/navigation_interfaces/include/navigation_interfaces/navigation_interfaces/srv/detail/path_service__type_support.c
[0.585s] -- Up-to-date: /home/weng/work/navigation_ws/install/navigation_interfaces/include/navigation_interfaces/navigation_interfaces/msg
[0.585s] -- Up-to-date: /home/weng/work/navigation_ws/install/navigation_interfaces/include/navigation_interfaces/navigation_interfaces/msg/rosidl_typesupport_introspection_c__visibility_control.h
[0.586s] -- Up-to-date: /home/weng/work/navigation_ws/install/navigation_interfaces/lib/libnavigation_interfaces__rosidl_typesupport_introspection_c.so
[0.586s] -- Up-to-date: /home/weng/work/navigation_ws/install/navigation_interfaces/lib/libnavigation_interfaces__rosidl_typesupport_c.so
[0.586s] -- Up-to-date: /home/weng/work/navigation_ws/install/navigation_interfaces/include/navigation_interfaces/navigation_interfaces
[0.586s] -- Up-to-date: /home/weng/work/navigation_ws/install/navigation_interfaces/include/navigation_interfaces/navigation_interfaces/srv
[0.586s] -- Up-to-date: /home/weng/work/navigation_ws/install/navigation_interfaces/include/navigation_interfaces/navigation_interfaces/srv/path_service.hpp
[0.586s] -- Up-to-date: /home/weng/work/navigation_ws/install/navigation_interfaces/include/navigation_interfaces/navigation_interfaces/srv/detail
[0.586s] -- Up-to-date: /home/weng/work/navigation_ws/install/navigation_interfaces/include/navigation_interfaces/navigation_interfaces/srv/detail/path_service__traits.hpp
[0.586s] -- Up-to-date: /home/weng/work/navigation_ws/install/navigation_interfaces/include/navigation_interfaces/navigation_interfaces/srv/detail/path_service__struct.hpp
[0.586s] -- Up-to-date: /home/weng/work/navigation_ws/install/navigation_interfaces/include/navigation_interfaces/navigation_interfaces/srv/detail/path_service__builder.hpp
[0.586s] -- Up-to-date: /home/weng/work/navigation_ws/install/navigation_interfaces/include/navigation_interfaces/navigation_interfaces
[0.586s] -- Up-to-date: /home/weng/work/navigation_ws/install/navigation_interfaces/include/navigation_interfaces/navigation_interfaces/srv
[0.586s] -- Up-to-date: /home/weng/work/navigation_ws/install/navigation_interfaces/include/navigation_interfaces/navigation_interfaces/srv/detail
[0.586s] -- Up-to-date: /home/weng/work/navigation_ws/install/navigation_interfaces/include/navigation_interfaces/navigation_interfaces/srv/detail/path_service__rosidl_typesupport_fastrtps_cpp.hpp
[0.586s] -- Up-to-date: /home/weng/work/navigation_ws/install/navigation_interfaces/include/navigation_interfaces/navigation_interfaces/srv/detail/dds_fastrtps
[0.586s] -- Up-to-date: /home/weng/work/navigation_ws/install/navigation_interfaces/include/navigation_interfaces/navigation_interfaces/msg
[0.586s] -- Up-to-date: /home/weng/work/navigation_ws/install/navigation_interfaces/include/navigation_interfaces/navigation_interfaces/msg/rosidl_typesupport_fastrtps_cpp__visibility_control.h
[0.586s] -- Up-to-date: /home/weng/work/navigation_ws/install/navigation_interfaces/lib/libnavigation_interfaces__rosidl_typesupport_fastrtps_cpp.so
[0.586s] -- Up-to-date: /home/weng/work/navigation_ws/install/navigation_interfaces/include/navigation_interfaces/navigation_interfaces
[0.586s] -- Up-to-date: /home/weng/work/navigation_ws/install/navigation_interfaces/include/navigation_interfaces/navigation_interfaces/srv
[0.586s] -- Up-to-date: /home/weng/work/navigation_ws/install/navigation_interfaces/include/navigation_interfaces/navigation_interfaces/srv/detail
[0.586s] -- Up-to-date: /home/weng/work/navigation_ws/install/navigation_interfaces/include/navigation_interfaces/navigation_interfaces/srv/detail/path_service__type_support.cpp
[0.586s] -- Up-to-date: /home/weng/work/navigation_ws/install/navigation_interfaces/include/navigation_interfaces/navigation_interfaces/srv/detail/path_service__rosidl_typesupport_introspection_cpp.hpp
[0.586s] -- Up-to-date: /home/weng/work/navigation_ws/install/navigation_interfaces/lib/libnavigation_interfaces__rosidl_typesupport_introspection_cpp.so
[0.586s] -- Up-to-date: /home/weng/work/navigation_ws/install/navigation_interfaces/lib/libnavigation_interfaces__rosidl_typesupport_cpp.so
[0.586s] -- Up-to-date: /home/weng/work/navigation_ws/install/navigation_interfaces/share/navigation_interfaces/environment/pythonpath.sh
[0.587s] -- Up-to-date: /home/weng/work/navigation_ws/install/navigation_interfaces/share/navigation_interfaces/environment/pythonpath.dsv
[0.587s] -- Up-to-date: /home/weng/work/navigation_ws/install/navigation_interfaces/local/lib/python3.10/dist-packages/navigation_interfaces-0.0.0-py3.10.egg-info
[0.587s] -- Installing: /home/weng/work/navigation_ws/install/navigation_interfaces/local/lib/python3.10/dist-packages/navigation_interfaces-0.0.0-py3.10.egg-info/dependency_links.txt
[0.587s] -- Installing: /home/weng/work/navigation_ws/install/navigation_interfaces/local/lib/python3.10/dist-packages/navigation_interfaces-0.0.0-py3.10.egg-info/top_level.txt
[0.587s] -- Installing: /home/weng/work/navigation_ws/install/navigation_interfaces/local/lib/python3.10/dist-packages/navigation_interfaces-0.0.0-py3.10.egg-info/SOURCES.txt
[0.587s] -- Installing: /home/weng/work/navigation_ws/install/navigation_interfaces/local/lib/python3.10/dist-packages/navigation_interfaces-0.0.0-py3.10.egg-info/PKG-INFO
[0.587s] -- Up-to-date: /home/weng/work/navigation_ws/install/navigation_interfaces/local/lib/python3.10/dist-packages/navigation_interfaces
[0.587s] -- Up-to-date: /home/weng/work/navigation_ws/install/navigation_interfaces/local/lib/python3.10/dist-packages/navigation_interfaces/libnavigation_interfaces__rosidl_generator_py.so
[0.587s] -- Up-to-date: /home/weng/work/navigation_ws/install/navigation_interfaces/local/lib/python3.10/dist-packages/navigation_interfaces/navigation_interfaces_s__rosidl_typesupport_fastrtps_c.cpython-310-x86_64-linux-gnu.so
[0.587s] -- Up-to-date: /home/weng/work/navigation_ws/install/navigation_interfaces/local/lib/python3.10/dist-packages/navigation_interfaces/srv
[0.587s] -- Up-to-date: /home/weng/work/navigation_ws/install/navigation_interfaces/local/lib/python3.10/dist-packages/navigation_interfaces/srv/_path_service_s.c
[0.587s] -- Up-to-date: /home/weng/work/navigation_ws/install/navigation_interfaces/local/lib/python3.10/dist-packages/navigation_interfaces/srv/__init__.py
[0.587s] -- Up-to-date: /home/weng/work/navigation_ws/install/navigation_interfaces/local/lib/python3.10/dist-packages/navigation_interfaces/srv/_path_service.py
[0.587s] -- Up-to-date: /home/weng/work/navigation_ws/install/navigation_interfaces/local/lib/python3.10/dist-packages/navigation_interfaces/navigation_interfaces_s__rosidl_typesupport_introspection_c.cpython-310-x86_64-linux-gnu.so
[0.587s] -- Up-to-date: /home/weng/work/navigation_ws/install/navigation_interfaces/local/lib/python3.10/dist-packages/navigation_interfaces/__init__.py
[0.587s] -- Up-to-date: /home/weng/work/navigation_ws/install/navigation_interfaces/local/lib/python3.10/dist-packages/navigation_interfaces/navigation_interfaces_s__rosidl_typesupport_c.cpython-310-x86_64-linux-gnu.so
[0.587s] -- Up-to-date: /home/weng/work/navigation_ws/install/navigation_interfaces/local/lib/python3.10/dist-packages/navigation_interfaces/_navigation_interfaces_s.ep.rosidl_typesupport_c.c
[0.587s] -- Up-to-date: /home/weng/work/navigation_ws/install/navigation_interfaces/local/lib/python3.10/dist-packages/navigation_interfaces/_navigation_interfaces_s.ep.rosidl_typesupport_fastrtps_c.c
[0.587s] -- Up-to-date: /home/weng/work/navigation_ws/install/navigation_interfaces/local/lib/python3.10/dist-packages/navigation_interfaces/_navigation_interfaces_s.ep.rosidl_typesupport_introspection_c.c
[0.603s] Listing '/home/weng/work/navigation_ws/install/navigation_interfaces/local/lib/python3.10/dist-packages/navigation_interfaces'...
[0.603s] Listing '/home/weng/work/navigation_ws/install/navigation_interfaces/local/lib/python3.10/dist-packages/navigation_interfaces/srv'...
[0.605s] -- Up-to-date: /home/weng/work/navigation_ws/install/navigation_interfaces/local/lib/python3.10/dist-packages/navigation_interfaces/navigation_interfaces_s__rosidl_typesupport_fastrtps_c.cpython-310-x86_64-linux-gnu.so
[0.605s] -- Up-to-date: /home/weng/work/navigation_ws/install/navigation_interfaces/local/lib/python3.10/dist-packages/navigation_interfaces/navigation_interfaces_s__rosidl_typesupport_introspection_c.cpython-310-x86_64-linux-gnu.so
[0.605s] -- Up-to-date: /home/weng/work/navigation_ws/install/navigation_interfaces/local/lib/python3.10/dist-packages/navigation_interfaces/navigation_interfaces_s__rosidl_typesupport_c.cpython-310-x86_64-linux-gnu.so
[0.605s] -- Up-to-date: /home/weng/work/navigation_ws/install/navigation_interfaces/lib/libnavigation_interfaces__rosidl_generator_py.so
[0.605s] -- Up-to-date: /home/weng/work/navigation_ws/install/navigation_interfaces/share/navigation_interfaces/srv/PathService.idl
[0.605s] -- Up-to-date: /home/weng/work/navigation_ws/install/navigation_interfaces/share/navigation_interfaces/srv/PathService.srv
[0.605s] -- Up-to-date: /home/weng/work/navigation_ws/install/navigation_interfaces/share/navigation_interfaces/srv/PathService_Request.msg
[0.606s] -- Up-to-date: /home/weng/work/navigation_ws/install/navigation_interfaces/share/navigation_interfaces/srv/PathService_Response.msg
[0.606s] -- Up-to-date: /home/weng/work/navigation_ws/install/navigation_interfaces/share/ament_index/resource_index/package_run_dependencies/navigation_interfaces
[0.606s] -- Up-to-date: /home/weng/work/navigation_ws/install/navigation_interfaces/share/ament_index/resource_index/parent_prefix_path/navigation_interfaces
[0.606s] -- Up-to-date: /home/weng/work/navigation_ws/install/navigation_interfaces/share/navigation_interfaces/environment/ament_prefix_path.sh
[0.606s] -- Up-to-date: /home/weng/work/navigation_ws/install/navigation_interfaces/share/navigation_interfaces/environment/ament_prefix_path.dsv
[0.606s] -- Up-to-date: /home/weng/work/navigation_ws/install/navigation_interfaces/share/navigation_interfaces/environment/path.sh
[0.606s] -- Up-to-date: /home/weng/work/navigation_ws/install/navigation_interfaces/share/navigation_interfaces/environment/path.dsv
[0.606s] -- Up-to-date: /home/weng/work/navigation_ws/install/navigation_interfaces/share/navigation_interfaces/local_setup.bash
[0.606s] -- Up-to-date: /home/weng/work/navigation_ws/install/navigation_interfaces/share/navigation_interfaces/local_setup.sh
[0.606s] -- Up-to-date: /home/weng/work/navigation_ws/install/navigation_interfaces/share/navigation_interfaces/local_setup.zsh
[0.606s] -- Up-to-date: /home/weng/work/navigation_ws/install/navigation_interfaces/share/navigation_interfaces/local_setup.dsv
[0.606s] -- Installing: /home/weng/work/navigation_ws/install/navigation_interfaces/share/navigation_interfaces/package.dsv
[0.606s] -- Up-to-date: /home/weng/work/navigation_ws/install/navigation_interfaces/share/ament_index/resource_index/packages/navigation_interfaces
[0.606s] -- Up-to-date: /home/weng/work/navigation_ws/install/navigation_interfaces/share/navigation_interfaces/cmake/export_navigation_interfaces__rosidl_generator_cExport.cmake
[0.606s] -- Up-to-date: /home/weng/work/navigation_ws/install/navigation_interfaces/share/navigation_interfaces/cmake/export_navigation_interfaces__rosidl_generator_cExport-noconfig.cmake
[0.606s] -- Up-to-date: /home/weng/work/navigation_ws/install/navigation_interfaces/share/navigation_interfaces/cmake/export_navigation_interfaces__rosidl_typesupport_fastrtps_cExport.cmake
[0.606s] -- Up-to-date: /home/weng/work/navigation_ws/install/navigation_interfaces/share/navigation_interfaces/cmake/export_navigation_interfaces__rosidl_typesupport_fastrtps_cExport-noconfig.cmake
[0.606s] -- Up-to-date: /home/weng/work/navigation_ws/install/navigation_interfaces/share/navigation_interfaces/cmake/navigation_interfaces__rosidl_typesupport_introspection_cExport.cmake
[0.606s] -- Up-to-date: /home/weng/work/navigation_ws/install/navigation_interfaces/share/navigation_interfaces/cmake/navigation_interfaces__rosidl_typesupport_introspection_cExport-noconfig.cmake
[0.606s] -- Up-to-date: /home/weng/work/navigation_ws/install/navigation_interfaces/share/navigation_interfaces/cmake/navigation_interfaces__rosidl_typesupport_cExport.cmake
[0.606s] -- Up-to-date: /home/weng/work/navigation_ws/install/navigation_interfaces/share/navigation_interfaces/cmake/navigation_interfaces__rosidl_typesupport_cExport-noconfig.cmake
[0.606s] -- Up-to-date: /home/weng/work/navigation_ws/install/navigation_interfaces/share/navigation_interfaces/cmake/export_navigation_interfaces__rosidl_generator_cppExport.cmake
[0.606s] -- Up-to-date: /home/weng/work/navigation_ws/install/navigation_interfaces/share/navigation_interfaces/cmake/export_navigation_interfaces__rosidl_typesupport_fastrtps_cppExport.cmake
[0.606s] -- Up-to-date: /home/weng/work/navigation_ws/install/navigation_interfaces/share/navigation_interfaces/cmake/export_navigation_interfaces__rosidl_typesupport_fastrtps_cppExport-noconfig.cmake
[0.606s] -- Up-to-date: /home/weng/work/navigation_ws/install/navigation_interfaces/share/navigation_interfaces/cmake/navigation_interfaces__rosidl_typesupport_introspection_cppExport.cmake
[0.606s] -- Up-to-date: /home/weng/work/navigation_ws/install/navigation_interfaces/share/navigation_interfaces/cmake/navigation_interfaces__rosidl_typesupport_introspection_cppExport-noconfig.cmake
[0.606s] -- Up-to-date: /home/weng/work/navigation_ws/install/navigation_interfaces/share/navigation_interfaces/cmake/navigation_interfaces__rosidl_typesupport_cppExport.cmake
[0.606s] -- Up-to-date: /home/weng/work/navigation_ws/install/navigation_interfaces/share/navigation_interfaces/cmake/navigation_interfaces__rosidl_typesupport_cppExport-noconfig.cmake
[0.607s] -- Up-to-date: /home/weng/work/navigation_ws/install/navigation_interfaces/share/navigation_interfaces/cmake/export_navigation_interfaces__rosidl_generator_pyExport.cmake
[0.607s] -- Up-to-date: /home/weng/work/navigation_ws/install/navigation_interfaces/share/navigation_interfaces/cmake/export_navigation_interfaces__rosidl_generator_pyExport-noconfig.cmake
[0.607s] -- Up-to-date: /home/weng/work/navigation_ws/install/navigation_interfaces/share/navigation_interfaces/cmake/rosidl_cmake-extras.cmake
[0.607s] -- Up-to-date: /home/weng/work/navigation_ws/install/navigation_interfaces/share/navigation_interfaces/cmake/ament_cmake_export_include_directories-extras.cmake
[0.607s] -- Up-to-date: /home/weng/work/navigation_ws/install/navigation_interfaces/share/navigation_interfaces/cmake/ament_cmake_export_libraries-extras.cmake
[0.607s] -- Up-to-date: /home/weng/work/navigation_ws/install/navigation_interfaces/share/navigation_interfaces/cmake/ament_cmake_export_targets-extras.cmake
[0.607s] -- Up-to-date: /home/weng/work/navigation_ws/install/navigation_interfaces/share/navigation_interfaces/cmake/rosidl_cmake_export_typesupport_targets-extras.cmake
[0.607s] -- Up-to-date: /home/weng/work/navigation_ws/install/navigation_interfaces/share/navigation_interfaces/cmake/ament_cmake_export_dependencies-extras.cmake
[0.607s] -- Up-to-date: /home/weng/work/navigation_ws/install/navigation_interfaces/share/navigation_interfaces/cmake/rosidl_cmake_export_typesupport_libraries-extras.cmake
[0.607s] -- Up-to-date: /home/weng/work/navigation_ws/install/navigation_interfaces/share/navigation_interfaces/cmake/navigation_interfacesConfig.cmake
[0.607s] -- Up-to-date: /home/weng/work/navigation_ws/install/navigation_interfaces/share/navigation_interfaces/cmake/navigation_interfacesConfig-version.cmake
[0.607s] -- Up-to-date: /home/weng/work/navigation_ws/install/navigation_interfaces/share/navigation_interfaces/package.xml
[0.614s] Invoked command in '/home/weng/work/navigation_ws/build/navigation_interfaces' returned '0': CMAKE_PREFIX_PATH=${CMAKE_PREFIX_PATH}:/home/weng/work/navigation_ws/install/gpp_pkg:/home/weng/work/navigation_ws/install/global_path_test_pkg:/opt/ros/humble /usr/local/bin/cmake --install /home/weng/work/navigation_ws/build/navigation_interfaces
