running egg_info
creating ../../build/toolbox_pkg/toolbox_pkg.egg-info
writing ../../build/toolbox_pkg/toolbox_pkg.egg-info/PKG-INFO
writing dependency_links to ../../build/toolbox_pkg/toolbox_pkg.egg-info/dependency_links.txt
writing entry points to ../../build/toolbox_pkg/toolbox_pkg.egg-info/entry_points.txt
writing requirements to ../../build/toolbox_pkg/toolbox_pkg.egg-info/requires.txt
writing top-level names to ../../build/toolbox_pkg/toolbox_pkg.egg-info/top_level.txt
writing manifest file '../../build/toolbox_pkg/toolbox_pkg.egg-info/SOURCES.txt'
reading manifest file '../../build/toolbox_pkg/toolbox_pkg.egg-info/SOURCES.txt'
adding license file 'LICENSE'
writing manifest file '../../build/toolbox_pkg/toolbox_pkg.egg-info/SOURCES.txt'
running build
running build_py
creating /home/weng/work/navigation_ws/build/toolbox_pkg/build
creating /home/weng/work/navigation_ws/build/toolbox_pkg/build/lib
creating /home/weng/work/navigation_ws/build/toolbox_pkg/build/lib/toolbox_pkg
copying toolbox_pkg/__init__.py -> /home/weng/work/navigation_ws/build/toolbox_pkg/build/lib/toolbox_pkg
copying toolbox_pkg/record.py -> /home/weng/work/navigation_ws/build/toolbox_pkg/build/lib/toolbox_pkg
running install
running install_lib
creating /home/weng/work/navigation_ws/install/toolbox_pkg/lib/python3.10/site-packages/toolbox_pkg
copying /home/weng/work/navigation_ws/build/toolbox_pkg/build/lib/toolbox_pkg/__init__.py -> /home/weng/work/navigation_ws/install/toolbox_pkg/lib/python3.10/site-packages/toolbox_pkg
copying /home/weng/work/navigation_ws/build/toolbox_pkg/build/lib/toolbox_pkg/record.py -> /home/weng/work/navigation_ws/install/toolbox_pkg/lib/python3.10/site-packages/toolbox_pkg
byte-compiling /home/weng/work/navigation_ws/install/toolbox_pkg/lib/python3.10/site-packages/toolbox_pkg/__init__.py to __init__.cpython-310.pyc
byte-compiling /home/weng/work/navigation_ws/install/toolbox_pkg/lib/python3.10/site-packages/toolbox_pkg/record.py to record.cpython-310.pyc
running install_data
creating /home/weng/work/navigation_ws/install/toolbox_pkg/share/ament_index
creating /home/weng/work/navigation_ws/install/toolbox_pkg/share/ament_index/resource_index
creating /home/weng/work/navigation_ws/install/toolbox_pkg/share/ament_index/resource_index/packages
copying resource/toolbox_pkg -> /home/weng/work/navigation_ws/install/toolbox_pkg/share/ament_index/resource_index/packages
copying package.xml -> /home/weng/work/navigation_ws/install/toolbox_pkg/share/toolbox_pkg
running install_egg_info
Copying ../../build/toolbox_pkg/toolbox_pkg.egg-info to /home/weng/work/navigation_ws/install/toolbox_pkg/lib/python3.10/site-packages/toolbox_pkg-0.0.0-py3.10.egg-info
running install_scripts
Installing record script to /home/weng/work/navigation_ws/install/toolbox_pkg/lib/toolbox_pkg
writing list of installed files to '/home/weng/work/navigation_ws/build/toolbox_pkg/install.log'
