/home/weng/work/navigation_ws/install/gpp_pkg/lib/python3.10/site-packages/gpp_pkg/main.py
/home/weng/work/navigation_ws/install/gpp_pkg/lib/python3.10/site-packages/gpp_pkg/__init__.py
/home/weng/work/navigation_ws/install/gpp_pkg/lib/python3.10/site-packages/gpp_pkg/GPP_environment.py
/home/weng/work/navigation_ws/install/gpp_pkg/lib/python3.10/site-packages/gpp_pkg/motion_controller_node.py
/home/weng/work/navigation_ws/install/gpp_pkg/lib/python3.10/site-packages/gpp_pkg/Model_architecture.py
/home/weng/work/navigation_ws/install/gpp_pkg/lib/python3.10/site-packages/gpp_pkg/__pycache__/main.cpython-310.pyc
/home/weng/work/navigation_ws/install/gpp_pkg/lib/python3.10/site-packages/gpp_pkg/__pycache__/__init__.cpython-310.pyc
/home/weng/work/navigation_ws/install/gpp_pkg/lib/python3.10/site-packages/gpp_pkg/__pycache__/GPP_environment.cpython-310.pyc
/home/weng/work/navigation_ws/install/gpp_pkg/lib/python3.10/site-packages/gpp_pkg/__pycache__/motion_controller_node.cpython-310.pyc
/home/weng/work/navigation_ws/install/gpp_pkg/lib/python3.10/site-packages/gpp_pkg/__pycache__/Model_architecture.cpython-310.pyc
/home/weng/work/navigation_ws/install/gpp_pkg/share/ament_index/resource_index/packages/gpp_pkg
/home/weng/work/navigation_ws/install/gpp_pkg/share/gpp_pkg/package.xml
/home/weng/work/navigation_ws/install/gpp_pkg/share/gpp_pkg/model/policy_net_final.pth
/home/weng/work/navigation_ws/install/gpp_pkg/share/gpp_pkg/model/policy_net_initial.pth
/home/weng/work/navigation_ws/install/gpp_pkg/lib/python3.10/site-packages/gpp_pkg-0.0.0-py3.10.egg-info/dependency_links.txt
/home/weng/work/navigation_ws/install/gpp_pkg/lib/python3.10/site-packages/gpp_pkg-0.0.0-py3.10.egg-info/requires.txt
/home/weng/work/navigation_ws/install/gpp_pkg/lib/python3.10/site-packages/gpp_pkg-0.0.0-py3.10.egg-info/entry_points.txt
/home/weng/work/navigation_ws/install/gpp_pkg/lib/python3.10/site-packages/gpp_pkg-0.0.0-py3.10.egg-info/top_level.txt
/home/weng/work/navigation_ws/install/gpp_pkg/lib/python3.10/site-packages/gpp_pkg-0.0.0-py3.10.egg-info/SOURCES.txt
/home/weng/work/navigation_ws/install/gpp_pkg/lib/python3.10/site-packages/gpp_pkg-0.0.0-py3.10.egg-info/zip-safe
/home/weng/work/navigation_ws/install/gpp_pkg/lib/python3.10/site-packages/gpp_pkg-0.0.0-py3.10.egg-info/PKG-INFO
/home/weng/work/navigation_ws/install/gpp_pkg/lib/gpp_pkg/gpp_client
/home/weng/work/navigation_ws/install/gpp_pkg/lib/gpp_pkg/gpp_service
