[0.491s] Invoking command in '/home/weng/work/navigation_ws/src/toolbox_pkg': PYTHONPATH=/home/weng/work/navigation_ws/build/toolbox_pkg/prefix_override:/home/weng/work/navigation_ws/install/toolbox_pkg/lib/python3.10/site-packages:${PYTHONPATH} /usr/bin/python3 -W ignore:setup.py install is deprecated setup.py egg_info --egg-base ../../build/toolbox_pkg build --build-base /home/weng/work/navigation_ws/build/toolbox_pkg/build install --record /home/weng/work/navigation_ws/build/toolbox_pkg/install.log --single-version-externally-managed install_data
[0.597s] running egg_info
[0.597s] writing ../../build/toolbox_pkg/toolbox_pkg.egg-info/PKG-INFO
[0.598s] writing dependency_links to ../../build/toolbox_pkg/toolbox_pkg.egg-info/dependency_links.txt
[0.598s] writing entry points to ../../build/toolbox_pkg/toolbox_pkg.egg-info/entry_points.txt
[0.598s] writing requirements to ../../build/toolbox_pkg/toolbox_pkg.egg-info/requires.txt
[0.598s] writing top-level names to ../../build/toolbox_pkg/toolbox_pkg.egg-info/top_level.txt
[0.599s] reading manifest file '../../build/toolbox_pkg/toolbox_pkg.egg-info/SOURCES.txt'
[0.599s] adding license file 'LICENSE'
[0.599s] writing manifest file '../../build/toolbox_pkg/toolbox_pkg.egg-info/SOURCES.txt'
[0.599s] running build
[0.599s] running build_py
[0.599s] running install
[0.599s] running install_lib
[0.600s] running install_data
[0.600s] running install_egg_info
[0.600s] removing '/home/weng/work/navigation_ws/install/toolbox_pkg/lib/python3.10/site-packages/toolbox_pkg-0.0.0-py3.10.egg-info' (and everything under it)
[0.600s] Copying ../../build/toolbox_pkg/toolbox_pkg.egg-info to /home/weng/work/navigation_ws/install/toolbox_pkg/lib/python3.10/site-packages/toolbox_pkg-0.0.0-py3.10.egg-info
[0.601s] running install_scripts
[0.612s] Installing record script to /home/weng/work/navigation_ws/install/toolbox_pkg/lib/toolbox_pkg
[0.613s] writing list of installed files to '/home/weng/work/navigation_ws/build/toolbox_pkg/install.log'
[0.629s] Invoked command in '/home/weng/work/navigation_ws/src/toolbox_pkg' returned '0': PYTHONPATH=/home/weng/work/navigation_ws/build/toolbox_pkg/prefix_override:/home/weng/work/navigation_ws/install/toolbox_pkg/lib/python3.10/site-packages:${PYTHONPATH} /usr/bin/python3 -W ignore:setup.py install is deprecated setup.py egg_info --egg-base ../../build/toolbox_pkg build --build-base /home/weng/work/navigation_ws/build/toolbox_pkg/build install --record /home/weng/work/navigation_ws/build/toolbox_pkg/install.log --single-version-externally-managed install_data
