[0.505s] Invoking command in '/home/weng/work/navigation_ws/src/gpp_pkg': PYTHONPATH=/home/weng/work/navigation_ws/build/gpp_pkg/prefix_override:/home/weng/work/navigation_ws/install/gpp_pkg/lib/python3.10/site-packages:${PYTHONPATH} /usr/bin/python3 -W ignore:setup.py install is deprecated setup.py egg_info --egg-base ../../build/gpp_pkg build --build-base /home/weng/work/navigation_ws/build/gpp_pkg/build install --record /home/weng/work/navigation_ws/build/gpp_pkg/install.log --single-version-externally-managed install_data
[0.610s] running egg_info
[0.610s] creating ../../build/gpp_pkg/gpp_pkg.egg-info
[0.610s] writing ../../build/gpp_pkg/gpp_pkg.egg-info/PKG-INFO
[0.610s] writing dependency_links to ../../build/gpp_pkg/gpp_pkg.egg-info/dependency_links.txt
[0.610s] writing entry points to ../../build/gpp_pkg/gpp_pkg.egg-info/entry_points.txt
[0.610s] writing requirements to ../../build/gpp_pkg/gpp_pkg.egg-info/requires.txt
[0.610s] writing top-level names to ../../build/gpp_pkg/gpp_pkg.egg-info/top_level.txt
[0.610s] writing manifest file '../../build/gpp_pkg/gpp_pkg.egg-info/SOURCES.txt'
[0.611s] reading manifest file '../../build/gpp_pkg/gpp_pkg.egg-info/SOURCES.txt'
[0.611s] adding license file 'LICENSE'
[0.611s] writing manifest file '../../build/gpp_pkg/gpp_pkg.egg-info/SOURCES.txt'
[0.611s] running build
[0.611s] running build_py
[0.611s] creating /home/weng/work/navigation_ws/build/gpp_pkg/build
[0.611s] creating /home/weng/work/navigation_ws/build/gpp_pkg/build/lib
[0.611s] creating /home/weng/work/navigation_ws/build/gpp_pkg/build/lib/gpp_pkg
[0.612s] copying gpp_pkg/main.py -> /home/weng/work/navigation_ws/build/gpp_pkg/build/lib/gpp_pkg
[0.612s] copying gpp_pkg/__init__.py -> /home/weng/work/navigation_ws/build/gpp_pkg/build/lib/gpp_pkg
[0.612s] copying gpp_pkg/GPP_environment.py -> /home/weng/work/navigation_ws/build/gpp_pkg/build/lib/gpp_pkg
[0.612s] copying gpp_pkg/motion_controller_node.py -> /home/weng/work/navigation_ws/build/gpp_pkg/build/lib/gpp_pkg
[0.612s] copying gpp_pkg/Model_architecture.py -> /home/weng/work/navigation_ws/build/gpp_pkg/build/lib/gpp_pkg
[0.612s] running install
[0.612s] running install_lib
[0.612s] creating /home/weng/work/navigation_ws/install/gpp_pkg/lib/python3.10/site-packages/gpp_pkg
[0.612s] copying /home/weng/work/navigation_ws/build/gpp_pkg/build/lib/gpp_pkg/main.py -> /home/weng/work/navigation_ws/install/gpp_pkg/lib/python3.10/site-packages/gpp_pkg
[0.612s] copying /home/weng/work/navigation_ws/build/gpp_pkg/build/lib/gpp_pkg/__init__.py -> /home/weng/work/navigation_ws/install/gpp_pkg/lib/python3.10/site-packages/gpp_pkg
[0.612s] copying /home/weng/work/navigation_ws/build/gpp_pkg/build/lib/gpp_pkg/GPP_environment.py -> /home/weng/work/navigation_ws/install/gpp_pkg/lib/python3.10/site-packages/gpp_pkg
[0.612s] copying /home/weng/work/navigation_ws/build/gpp_pkg/build/lib/gpp_pkg/motion_controller_node.py -> /home/weng/work/navigation_ws/install/gpp_pkg/lib/python3.10/site-packages/gpp_pkg
[0.612s] copying /home/weng/work/navigation_ws/build/gpp_pkg/build/lib/gpp_pkg/Model_architecture.py -> /home/weng/work/navigation_ws/install/gpp_pkg/lib/python3.10/site-packages/gpp_pkg
[0.612s] byte-compiling /home/weng/work/navigation_ws/install/gpp_pkg/lib/python3.10/site-packages/gpp_pkg/main.py to main.cpython-310.pyc
[0.613s] byte-compiling /home/weng/work/navigation_ws/install/gpp_pkg/lib/python3.10/site-packages/gpp_pkg/__init__.py to __init__.cpython-310.pyc
[0.613s] byte-compiling /home/weng/work/navigation_ws/install/gpp_pkg/lib/python3.10/site-packages/gpp_pkg/GPP_environment.py to GPP_environment.cpython-310.pyc
[0.613s] byte-compiling /home/weng/work/navigation_ws/install/gpp_pkg/lib/python3.10/site-packages/gpp_pkg/motion_controller_node.py to motion_controller_node.cpython-310.pyc
[0.614s] byte-compiling /home/weng/work/navigation_ws/install/gpp_pkg/lib/python3.10/site-packages/gpp_pkg/Model_architecture.py to Model_architecture.cpython-310.pyc
[0.614s] running install_data
[0.614s] creating /home/weng/work/navigation_ws/install/gpp_pkg/share/ament_index
[0.615s] creating /home/weng/work/navigation_ws/install/gpp_pkg/share/ament_index/resource_index
[0.615s] creating /home/weng/work/navigation_ws/install/gpp_pkg/share/ament_index/resource_index/packages
[0.615s] copying resource/gpp_pkg -> /home/weng/work/navigation_ws/install/gpp_pkg/share/ament_index/resource_index/packages
[0.615s] copying package.xml -> /home/weng/work/navigation_ws/install/gpp_pkg/share/gpp_pkg
[0.615s] creating /home/weng/work/navigation_ws/install/gpp_pkg/share/gpp_pkg/model
[0.615s] copying model/policy_net_final.pth -> /home/weng/work/navigation_ws/install/gpp_pkg/share/gpp_pkg/model
[0.617s] copying model/policy_net_initial.pth -> /home/weng/work/navigation_ws/install/gpp_pkg/share/gpp_pkg/model
[0.620s] running install_egg_info
[0.621s] Copying ../../build/gpp_pkg/gpp_pkg.egg-info to /home/weng/work/navigation_ws/install/gpp_pkg/lib/python3.10/site-packages/gpp_pkg-0.0.0-py3.10.egg-info
[0.621s] running install_scripts
[0.632s] Installing gpp_client script to /home/weng/work/navigation_ws/install/gpp_pkg/lib/gpp_pkg
[0.632s] Installing gpp_service script to /home/weng/work/navigation_ws/install/gpp_pkg/lib/gpp_pkg
[0.632s] writing list of installed files to '/home/weng/work/navigation_ws/build/gpp_pkg/install.log'
[0.647s] Invoked command in '/home/weng/work/navigation_ws/src/gpp_pkg' returned '0': PYTHONPATH=/home/weng/work/navigation_ws/build/gpp_pkg/prefix_override:/home/weng/work/navigation_ws/install/gpp_pkg/lib/python3.10/site-packages:${PYTHONPATH} /usr/bin/python3 -W ignore:setup.py install is deprecated setup.py egg_info --egg-base ../../build/gpp_pkg build --build-base /home/weng/work/navigation_ws/build/gpp_pkg/build install --record /home/weng/work/navigation_ws/build/gpp_pkg/install.log --single-version-externally-managed install_data
