[0.525s] Invoking command in '/home/weng/work/navigation_ws/src/toolbox_pkg': PYTHONPATH=/home/weng/work/navigation_ws/build/toolbox_pkg/prefix_override:/home/weng/work/navigation_ws/install/toolbox_pkg/lib/python3.10/site-packages:${PYTHONPATH} /usr/bin/python3 -W ignore:setup.py install is deprecated setup.py egg_info --egg-base ../../build/toolbox_pkg build --build-base /home/weng/work/navigation_ws/build/toolbox_pkg/build install --record /home/weng/work/navigation_ws/build/toolbox_pkg/install.log --single-version-externally-managed install_data
[0.636s] running egg_info
[0.637s] writing ../../build/toolbox_pkg/toolbox_pkg.egg-info/PKG-INFO
[0.637s] writing dependency_links to ../../build/toolbox_pkg/toolbox_pkg.egg-info/dependency_links.txt
[0.637s] writing entry points to ../../build/toolbox_pkg/toolbox_pkg.egg-info/entry_points.txt
[0.638s] writing requirements to ../../build/toolbox_pkg/toolbox_pkg.egg-info/requires.txt
[0.638s] writing top-level names to ../../build/toolbox_pkg/toolbox_pkg.egg-info/top_level.txt
[0.640s] reading manifest file '../../build/toolbox_pkg/toolbox_pkg.egg-info/SOURCES.txt'
[0.640s] adding license file 'LICENSE'
[0.641s] writing manifest file '../../build/toolbox_pkg/toolbox_pkg.egg-info/SOURCES.txt'
[0.641s] running build
[0.641s] running build_py
[0.641s] copying toolbox_pkg/record.py -> /home/weng/work/navigation_ws/build/toolbox_pkg/build/lib/toolbox_pkg
[0.641s] running install
[0.641s] running install_lib
[0.641s] copying /home/weng/work/navigation_ws/build/toolbox_pkg/build/lib/toolbox_pkg/record.py -> /home/weng/work/navigation_ws/install/toolbox_pkg/lib/python3.10/site-packages/toolbox_pkg
[0.642s] byte-compiling /home/weng/work/navigation_ws/install/toolbox_pkg/lib/python3.10/site-packages/toolbox_pkg/record.py to record.cpython-310.pyc
[0.642s] running install_data
[0.642s] running install_egg_info
[0.642s] removing '/home/weng/work/navigation_ws/install/toolbox_pkg/lib/python3.10/site-packages/toolbox_pkg-0.0.0-py3.10.egg-info' (and everything under it)
[0.642s] Copying ../../build/toolbox_pkg/toolbox_pkg.egg-info to /home/weng/work/navigation_ws/install/toolbox_pkg/lib/python3.10/site-packages/toolbox_pkg-0.0.0-py3.10.egg-info
[0.642s] running install_scripts
[0.651s] Installing record script to /home/weng/work/navigation_ws/install/toolbox_pkg/lib/toolbox_pkg
[0.651s] writing list of installed files to '/home/weng/work/navigation_ws/build/toolbox_pkg/install.log'
[0.665s] Invoked command in '/home/weng/work/navigation_ws/src/toolbox_pkg' returned '0': PYTHONPATH=/home/weng/work/navigation_ws/build/toolbox_pkg/prefix_override:/home/weng/work/navigation_ws/install/toolbox_pkg/lib/python3.10/site-packages:${PYTHONPATH} /usr/bin/python3 -W ignore:setup.py install is deprecated setup.py egg_info --egg-base ../../build/toolbox_pkg build --build-base /home/weng/work/navigation_ws/build/toolbox_pkg/build install --record /home/weng/work/navigation_ws/build/toolbox_pkg/install.log --single-version-externally-managed install_data
