running egg_info
writing ../../build/toolbox_pkg/toolbox_pkg.egg-info/PKG-INFO
writing dependency_links to ../../build/toolbox_pkg/toolbox_pkg.egg-info/dependency_links.txt
writing entry points to ../../build/toolbox_pkg/toolbox_pkg.egg-info/entry_points.txt
writing requirements to ../../build/toolbox_pkg/toolbox_pkg.egg-info/requires.txt
writing top-level names to ../../build/toolbox_pkg/toolbox_pkg.egg-info/top_level.txt
reading manifest file '../../build/toolbox_pkg/toolbox_pkg.egg-info/SOURCES.txt'
adding license file 'LICENSE'
writing manifest file '../../build/toolbox_pkg/toolbox_pkg.egg-info/SOURCES.txt'
running build
running build_py
copying toolbox_pkg/record.py -> /home/weng/work/navigation_ws/build/toolbox_pkg/build/lib/toolbox_pkg
running install
running install_lib
copying /home/weng/work/navigation_ws/build/toolbox_pkg/build/lib/toolbox_pkg/record.py -> /home/weng/work/navigation_ws/install/toolbox_pkg/lib/python3.10/site-packages/toolbox_pkg
byte-compiling /home/weng/work/navigation_ws/install/toolbox_pkg/lib/python3.10/site-packages/toolbox_pkg/record.py to record.cpython-310.pyc
running install_data
running install_egg_info
removing '/home/weng/work/navigation_ws/install/toolbox_pkg/lib/python3.10/site-packages/toolbox_pkg-0.0.0-py3.10.egg-info' (and everything under it)
Copying ../../build/toolbox_pkg/toolbox_pkg.egg-info to /home/weng/work/navigation_ws/install/toolbox_pkg/lib/python3.10/site-packages/toolbox_pkg-0.0.0-py3.10.egg-info
running install_scripts
Installing record script to /home/weng/work/navigation_ws/install/toolbox_pkg/lib/toolbox_pkg
writing list of installed files to '/home/weng/work/navigation_ws/build/toolbox_pkg/install.log'
