[0.377s] Invoking command in '/home/weng/work/navigation_ws/src/gpp_pkg': PYTHONPATH=/home/weng/work/navigation_ws/build/gpp_pkg/prefix_override:/home/weng/work/navigation_ws/install/gpp_pkg/lib/python3.10/site-packages:${PYTHONPATH} /usr/bin/python3 -W ignore:setup.py install is deprecated setup.py egg_info --egg-base ../../build/gpp_pkg build --build-base /home/weng/work/navigation_ws/build/gpp_pkg/build install --record /home/weng/work/navigation_ws/build/gpp_pkg/install.log --single-version-externally-managed install_data
[0.482s] running egg_info
[0.482s] writing ../../build/gpp_pkg/gpp_pkg.egg-info/PKG-INFO
[0.482s] writing dependency_links to ../../build/gpp_pkg/gpp_pkg.egg-info/dependency_links.txt
[0.482s] writing entry points to ../../build/gpp_pkg/gpp_pkg.egg-info/entry_points.txt
[0.482s] writing requirements to ../../build/gpp_pkg/gpp_pkg.egg-info/requires.txt
[0.482s] writing top-level names to ../../build/gpp_pkg/gpp_pkg.egg-info/top_level.txt
[0.483s] reading manifest file '../../build/gpp_pkg/gpp_pkg.egg-info/SOURCES.txt'
[0.483s] adding license file 'LICENSE'
[0.484s] writing manifest file '../../build/gpp_pkg/gpp_pkg.egg-info/SOURCES.txt'
[0.484s] running build
[0.484s] running build_py
[0.484s] running install
[0.484s] running install_lib
[0.485s] running install_data
[0.485s] running install_egg_info
[0.485s] removing '/home/weng/work/navigation_ws/install/gpp_pkg/lib/python3.10/site-packages/gpp_pkg-0.0.0-py3.10.egg-info' (and everything under it)
[0.485s] Copying ../../build/gpp_pkg/gpp_pkg.egg-info to /home/weng/work/navigation_ws/install/gpp_pkg/lib/python3.10/site-packages/gpp_pkg-0.0.0-py3.10.egg-info
[0.486s] running install_scripts
[0.496s] Installing gpp_client script to /home/weng/work/navigation_ws/install/gpp_pkg/lib/gpp_pkg
[0.496s] Installing gpp_service script to /home/weng/work/navigation_ws/install/gpp_pkg/lib/gpp_pkg
[0.496s] writing list of installed files to '/home/weng/work/navigation_ws/build/gpp_pkg/install.log'
[0.527s] Invoked command in '/home/weng/work/navigation_ws/src/gpp_pkg' returned '0': PYTHONPATH=/home/weng/work/navigation_ws/build/gpp_pkg/prefix_override:/home/weng/work/navigation_ws/install/gpp_pkg/lib/python3.10/site-packages:${PYTHONPATH} /usr/bin/python3 -W ignore:setup.py install is deprecated setup.py egg_info --egg-base ../../build/gpp_pkg build --build-base /home/weng/work/navigation_ws/build/gpp_pkg/build install --record /home/weng/work/navigation_ws/build/gpp_pkg/install.log --single-version-externally-managed install_data
