[0.243s] Invoking command in '/home/weng/work/navigation_ws/build/navigation_interfaces': CMAKE_PREFIX_PATH=${CMAKE_PREFIX_PATH}:/home/weng/work/navigation_ws/install/toolbox_pkg:/home/weng/work/navigation_ws/src/install/toolbox_pkg:/home/weng/work/navigation_ws/src/install/gpp_pkg:/home/weng/work/navigation_ws/src/install/global_path_test_pkg:/home/weng/work/navigation_ws/install/toolbox:/home/weng/work/navigation_ws/install/gpp_pkg:/home/weng/work/navigation_ws/install/global_path_test_pkg:/opt/ros/humble /usr/local/bin/cmake --build /home/weng/work/navigation_ws/build/navigation_interfaces -- -j24 -l24
[0.292s] [  1%] Built target navigation_interfaces__cpp
[0.293s] [ 12%] Built target navigation_interfaces__rosidl_generator_c
[0.294s] [ 12%] Built target ament_cmake_python_copy_navigation_interfaces
[0.299s] [ 23%] Built target navigation_interfaces__rosidl_typesupport_c
[0.300s] [ 36%] Built target navigation_interfaces__rosidl_typesupport_cpp
[0.300s] [ 45%] Built target navigation_interfaces__rosidl_typesupport_introspection_cpp
[0.300s] [ 56%] Built target navigation_interfaces__rosidl_typesupport_introspection_c
[0.301s] [ 67%] Built target navigation_interfaces__rosidl_typesupport_fastrtps_cpp
[0.303s] [ 78%] Built target navigation_interfaces__rosidl_typesupport_fastrtps_c
[0.307s] [ 78%] Built target navigation_interfaces
[0.311s] [ 80%] Built target navigation_interfaces__py
[0.319s] [ 89%] Built target navigation_interfaces__rosidl_generator_py
[0.326s] [ 92%] Built target navigation_interfaces__rosidl_typesupport_fastrtps_c__pyext
[0.326s] [ 96%] Built target navigation_interfaces__rosidl_typesupport_c__pyext
[0.327s] [100%] Built target navigation_interfaces__rosidl_typesupport_introspection_c__pyext
[0.409s] running egg_info
[0.410s] writing navigation_interfaces.egg-info/PKG-INFO
[0.410s] writing dependency_links to navigation_interfaces.egg-info/dependency_links.txt
[0.410s] writing top-level names to navigation_interfaces.egg-info/top_level.txt
[0.411s] reading manifest file 'navigation_interfaces.egg-info/SOURCES.txt'
[0.411s] writing manifest file 'navigation_interfaces.egg-info/SOURCES.txt'
[0.422s] [100%] Built target ament_cmake_python_build_navigation_interfaces_egg
[0.431s] Invoked command in '/home/weng/work/navigation_ws/build/navigation_interfaces' returned '0': CMAKE_PREFIX_PATH=${CMAKE_PREFIX_PATH}:/home/weng/work/navigation_ws/install/toolbox_pkg:/home/weng/work/navigation_ws/src/install/toolbox_pkg:/home/weng/work/navigation_ws/src/install/gpp_pkg:/home/weng/work/navigation_ws/src/install/global_path_test_pkg:/home/weng/work/navigation_ws/install/toolbox:/home/weng/work/navigation_ws/install/gpp_pkg:/home/weng/work/navigation_ws/install/global_path_test_pkg:/opt/ros/humble /usr/local/bin/cmake --build /home/weng/work/navigation_ws/build/navigation_interfaces -- -j24 -l24
[0.579s] Invoking command in '/home/weng/work/navigation_ws/build/navigation_interfaces': CMAKE_PREFIX_PATH=${CMAKE_PREFIX_PATH}:/home/weng/work/navigation_ws/install/toolbox_pkg:/home/weng/work/navigation_ws/src/install/toolbox_pkg:/home/weng/work/navigation_ws/src/install/gpp_pkg:/home/weng/work/navigation_ws/src/install/global_path_test_pkg:/home/weng/work/navigation_ws/install/toolbox:/home/weng/work/navigation_ws/install/gpp_pkg:/home/weng/work/navigation_ws/install/global_path_test_pkg:/opt/ros/humble /usr/local/bin/cmake --install /home/weng/work/navigation_ws/build/navigation_interfaces
[0.620s] -- Install configuration: ""
[0.620s] -- Up-to-date: /home/weng/work/navigation_ws/install/navigation_interfaces/share/ament_index/resource_index/rosidl_interfaces/navigation_interfaces
[0.621s] -- Up-to-date: /home/weng/work/navigation_ws/install/navigation_interfaces/include/navigation_interfaces/navigation_interfaces
[0.621s] -- Up-to-date: /home/weng/work/navigation_ws/install/navigation_interfaces/include/navigation_interfaces/navigation_interfaces/srv
[0.621s] -- Up-to-date: /home/weng/work/navigation_ws/install/navigation_interfaces/include/navigation_interfaces/navigation_interfaces/srv/path.h
[0.621s] -- Up-to-date: /home/weng/work/navigation_ws/install/navigation_interfaces/include/navigation_interfaces/navigation_interfaces/srv/path_service.h
[0.621s] -- Up-to-date: /home/weng/work/navigation_ws/install/navigation_interfaces/include/navigation_interfaces/navigation_interfaces/srv/detail
[0.621s] -- Up-to-date: /home/weng/work/navigation_ws/install/navigation_interfaces/include/navigation_interfaces/navigation_interfaces/srv/detail/path_service__type_support.h
[0.621s] -- Up-to-date: /home/weng/work/navigation_ws/install/navigation_interfaces/include/navigation_interfaces/navigation_interfaces/srv/detail/path__functions.h
[0.621s] -- Up-to-date: /home/weng/work/navigation_ws/install/navigation_interfaces/include/navigation_interfaces/navigation_interfaces/srv/detail/path__type_support.h
[0.621s] -- Up-to-date: /home/weng/work/navigation_ws/install/navigation_interfaces/include/navigation_interfaces/navigation_interfaces/srv/detail/path_service__struct.h
[0.621s] -- Up-to-date: /home/weng/work/navigation_ws/install/navigation_interfaces/include/navigation_interfaces/navigation_interfaces/srv/detail/path_service__functions.c
[0.621s] -- Up-to-date: /home/weng/work/navigation_ws/install/navigation_interfaces/include/navigation_interfaces/navigation_interfaces/srv/detail/path_service__functions.h
[0.622s] -- Up-to-date: /home/weng/work/navigation_ws/install/navigation_interfaces/include/navigation_interfaces/navigation_interfaces/srv/detail/path__functions.c
[0.622s] -- Up-to-date: /home/weng/work/navigation_ws/install/navigation_interfaces/include/navigation_interfaces/navigation_interfaces/srv/detail/path__struct.h
[0.622s] -- Up-to-date: /home/weng/work/navigation_ws/install/navigation_interfaces/include/navigation_interfaces/navigation_interfaces/msg
[0.622s] -- Up-to-date: /home/weng/work/navigation_ws/install/navigation_interfaces/include/navigation_interfaces/navigation_interfaces/msg/all_robot_targets.h
[0.622s] -- Up-to-date: /home/weng/work/navigation_ws/install/navigation_interfaces/include/navigation_interfaces/navigation_interfaces/msg/robot_targets.h
[0.622s] -- Up-to-date: /home/weng/work/navigation_ws/install/navigation_interfaces/include/navigation_interfaces/navigation_interfaces/msg/rosidl_generator_c__visibility_control.h
[0.622s] -- Up-to-date: /home/weng/work/navigation_ws/install/navigation_interfaces/include/navigation_interfaces/navigation_interfaces/msg/detail
[0.622s] -- Up-to-date: /home/weng/work/navigation_ws/install/navigation_interfaces/include/navigation_interfaces/navigation_interfaces/msg/detail/all_robot_targets__functions.c
[0.622s] -- Up-to-date: /home/weng/work/navigation_ws/install/navigation_interfaces/include/navigation_interfaces/navigation_interfaces/msg/detail/robot_targets__functions.h
[0.622s] -- Up-to-date: /home/weng/work/navigation_ws/install/navigation_interfaces/include/navigation_interfaces/navigation_interfaces/msg/detail/all_robot_targets__struct.h
[0.622s] -- Up-to-date: /home/weng/work/navigation_ws/install/navigation_interfaces/include/navigation_interfaces/navigation_interfaces/msg/detail/robot_targets__type_support.h
[0.622s] -- Up-to-date: /home/weng/work/navigation_ws/install/navigation_interfaces/include/navigation_interfaces/navigation_interfaces/msg/detail/all_robot_targets__functions.h
[0.622s] -- Up-to-date: /home/weng/work/navigation_ws/install/navigation_interfaces/include/navigation_interfaces/navigation_interfaces/msg/detail/robot_targets__struct.h
[0.622s] -- Up-to-date: /home/weng/work/navigation_ws/install/navigation_interfaces/include/navigation_interfaces/navigation_interfaces/msg/detail/robot_targets__functions.c
[0.623s] -- Up-to-date: /home/weng/work/navigation_ws/install/navigation_interfaces/include/navigation_interfaces/navigation_interfaces/msg/detail/all_robot_targets__type_support.h
[0.623s] -- Up-to-date: /home/weng/work/navigation_ws/install/navigation_interfaces/share/navigation_interfaces/environment/library_path.sh
[0.623s] -- Up-to-date: /home/weng/work/navigation_ws/install/navigation_interfaces/share/navigation_interfaces/environment/library_path.dsv
[0.623s] -- Up-to-date: /home/weng/work/navigation_ws/install/navigation_interfaces/lib/libnavigation_interfaces__rosidl_generator_c.so
[0.623s] -- Up-to-date: /home/weng/work/navigation_ws/install/navigation_interfaces/include/navigation_interfaces/navigation_interfaces
[0.623s] -- Up-to-date: /home/weng/work/navigation_ws/install/navigation_interfaces/include/navigation_interfaces/navigation_interfaces/srv
[0.623s] -- Up-to-date: /home/weng/work/navigation_ws/install/navigation_interfaces/include/navigation_interfaces/navigation_interfaces/srv/detail
[0.623s] -- Up-to-date: /home/weng/work/navigation_ws/install/navigation_interfaces/include/navigation_interfaces/navigation_interfaces/srv/detail/path__rosidl_typesupport_fastrtps_c.h
[0.623s] -- Up-to-date: /home/weng/work/navigation_ws/install/navigation_interfaces/include/navigation_interfaces/navigation_interfaces/srv/detail/path_service__rosidl_typesupport_fastrtps_c.h
[0.623s] -- Up-to-date: /home/weng/work/navigation_ws/install/navigation_interfaces/include/navigation_interfaces/navigation_interfaces/msg
[0.623s] -- Up-to-date: /home/weng/work/navigation_ws/install/navigation_interfaces/include/navigation_interfaces/navigation_interfaces/msg/rosidl_typesupport_fastrtps_c__visibility_control.h
[0.623s] -- Up-to-date: /home/weng/work/navigation_ws/install/navigation_interfaces/include/navigation_interfaces/navigation_interfaces/msg/detail
[0.623s] -- Up-to-date: /home/weng/work/navigation_ws/install/navigation_interfaces/include/navigation_interfaces/navigation_interfaces/msg/detail/robot_targets__rosidl_typesupport_fastrtps_c.h
[0.623s] -- Up-to-date: /home/weng/work/navigation_ws/install/navigation_interfaces/include/navigation_interfaces/navigation_interfaces/msg/detail/all_robot_targets__rosidl_typesupport_fastrtps_c.h
[0.623s] -- Up-to-date: /home/weng/work/navigation_ws/install/navigation_interfaces/lib/libnavigation_interfaces__rosidl_typesupport_fastrtps_c.so
[0.623s] -- Up-to-date: /home/weng/work/navigation_ws/install/navigation_interfaces/include/navigation_interfaces/navigation_interfaces
[0.623s] -- Up-to-date: /home/weng/work/navigation_ws/install/navigation_interfaces/include/navigation_interfaces/navigation_interfaces/srv
[0.623s] -- Up-to-date: /home/weng/work/navigation_ws/install/navigation_interfaces/include/navigation_interfaces/navigation_interfaces/srv/detail
[0.623s] -- Up-to-date: /home/weng/work/navigation_ws/install/navigation_interfaces/include/navigation_interfaces/navigation_interfaces/srv/detail/path__type_support.c
[0.623s] -- Up-to-date: /home/weng/work/navigation_ws/install/navigation_interfaces/include/navigation_interfaces/navigation_interfaces/srv/detail/path_service__rosidl_typesupport_introspection_c.h
[0.624s] -- Up-to-date: /home/weng/work/navigation_ws/install/navigation_interfaces/include/navigation_interfaces/navigation_interfaces/srv/detail/path_service__type_support.c
[0.624s] -- Up-to-date: /home/weng/work/navigation_ws/install/navigation_interfaces/include/navigation_interfaces/navigation_interfaces/srv/detail/path__rosidl_typesupport_introspection_c.h
[0.624s] -- Up-to-date: /home/weng/work/navigation_ws/install/navigation_interfaces/include/navigation_interfaces/navigation_interfaces/msg
[0.624s] -- Up-to-date: /home/weng/work/navigation_ws/install/navigation_interfaces/include/navigation_interfaces/navigation_interfaces/msg/rosidl_typesupport_introspection_c__visibility_control.h
[0.624s] -- Up-to-date: /home/weng/work/navigation_ws/install/navigation_interfaces/include/navigation_interfaces/navigation_interfaces/msg/detail
[0.624s] -- Up-to-date: /home/weng/work/navigation_ws/install/navigation_interfaces/include/navigation_interfaces/navigation_interfaces/msg/detail/robot_targets__type_support.c
[0.624s] -- Up-to-date: /home/weng/work/navigation_ws/install/navigation_interfaces/include/navigation_interfaces/navigation_interfaces/msg/detail/robot_targets__rosidl_typesupport_introspection_c.h
[0.624s] -- Up-to-date: /home/weng/work/navigation_ws/install/navigation_interfaces/include/navigation_interfaces/navigation_interfaces/msg/detail/all_robot_targets__rosidl_typesupport_introspection_c.h
[0.624s] -- Up-to-date: /home/weng/work/navigation_ws/install/navigation_interfaces/include/navigation_interfaces/navigation_interfaces/msg/detail/all_robot_targets__type_support.c
[0.624s] -- Up-to-date: /home/weng/work/navigation_ws/install/navigation_interfaces/lib/libnavigation_interfaces__rosidl_typesupport_introspection_c.so
[0.624s] -- Up-to-date: /home/weng/work/navigation_ws/install/navigation_interfaces/lib/libnavigation_interfaces__rosidl_typesupport_c.so
[0.624s] -- Up-to-date: /home/weng/work/navigation_ws/install/navigation_interfaces/include/navigation_interfaces/navigation_interfaces
[0.624s] -- Up-to-date: /home/weng/work/navigation_ws/install/navigation_interfaces/include/navigation_interfaces/navigation_interfaces/srv
[0.624s] -- Up-to-date: /home/weng/work/navigation_ws/install/navigation_interfaces/include/navigation_interfaces/navigation_interfaces/srv/path.hpp
[0.624s] -- Up-to-date: /home/weng/work/navigation_ws/install/navigation_interfaces/include/navigation_interfaces/navigation_interfaces/srv/path_service.hpp
[0.624s] -- Up-to-date: /home/weng/work/navigation_ws/install/navigation_interfaces/include/navigation_interfaces/navigation_interfaces/srv/detail
[0.624s] -- Up-to-date: /home/weng/work/navigation_ws/install/navigation_interfaces/include/navigation_interfaces/navigation_interfaces/srv/detail/path__builder.hpp
[0.624s] -- Up-to-date: /home/weng/work/navigation_ws/install/navigation_interfaces/include/navigation_interfaces/navigation_interfaces/srv/detail/path_service__traits.hpp
[0.624s] -- Up-to-date: /home/weng/work/navigation_ws/install/navigation_interfaces/include/navigation_interfaces/navigation_interfaces/srv/detail/path__traits.hpp
[0.624s] -- Up-to-date: /home/weng/work/navigation_ws/install/navigation_interfaces/include/navigation_interfaces/navigation_interfaces/srv/detail/path__struct.hpp
[0.624s] -- Up-to-date: /home/weng/work/navigation_ws/install/navigation_interfaces/include/navigation_interfaces/navigation_interfaces/srv/detail/path_service__struct.hpp
[0.624s] -- Up-to-date: /home/weng/work/navigation_ws/install/navigation_interfaces/include/navigation_interfaces/navigation_interfaces/srv/detail/path_service__builder.hpp
[0.624s] -- Up-to-date: /home/weng/work/navigation_ws/install/navigation_interfaces/include/navigation_interfaces/navigation_interfaces/msg
[0.624s] -- Up-to-date: /home/weng/work/navigation_ws/install/navigation_interfaces/include/navigation_interfaces/navigation_interfaces/msg/all_robot_targets.hpp
[0.625s] -- Up-to-date: /home/weng/work/navigation_ws/install/navigation_interfaces/include/navigation_interfaces/navigation_interfaces/msg/detail
[0.625s] -- Up-to-date: /home/weng/work/navigation_ws/install/navigation_interfaces/include/navigation_interfaces/navigation_interfaces/msg/detail/all_robot_targets__traits.hpp
[0.625s] -- Up-to-date: /home/weng/work/navigation_ws/install/navigation_interfaces/include/navigation_interfaces/navigation_interfaces/msg/detail/all_robot_targets__builder.hpp
[0.625s] -- Up-to-date: /home/weng/work/navigation_ws/install/navigation_interfaces/include/navigation_interfaces/navigation_interfaces/msg/detail/robot_targets__struct.hpp
[0.625s] -- Up-to-date: /home/weng/work/navigation_ws/install/navigation_interfaces/include/navigation_interfaces/navigation_interfaces/msg/detail/all_robot_targets__struct.hpp
[0.625s] -- Up-to-date: /home/weng/work/navigation_ws/install/navigation_interfaces/include/navigation_interfaces/navigation_interfaces/msg/detail/robot_targets__builder.hpp
[0.625s] -- Up-to-date: /home/weng/work/navigation_ws/install/navigation_interfaces/include/navigation_interfaces/navigation_interfaces/msg/detail/robot_targets__traits.hpp
[0.625s] -- Up-to-date: /home/weng/work/navigation_ws/install/navigation_interfaces/include/navigation_interfaces/navigation_interfaces/msg/robot_targets.hpp
[0.625s] -- Up-to-date: /home/weng/work/navigation_ws/install/navigation_interfaces/include/navigation_interfaces/navigation_interfaces
[0.625s] -- Up-to-date: /home/weng/work/navigation_ws/install/navigation_interfaces/include/navigation_interfaces/navigation_interfaces/srv
[0.625s] -- Up-to-date: /home/weng/work/navigation_ws/install/navigation_interfaces/include/navigation_interfaces/navigation_interfaces/srv/detail
[0.625s] -- Up-to-date: /home/weng/work/navigation_ws/install/navigation_interfaces/include/navigation_interfaces/navigation_interfaces/srv/detail/path_service__rosidl_typesupport_fastrtps_cpp.hpp
[0.625s] -- Up-to-date: /home/weng/work/navigation_ws/install/navigation_interfaces/include/navigation_interfaces/navigation_interfaces/srv/detail/dds_fastrtps
[0.625s] -- Up-to-date: /home/weng/work/navigation_ws/install/navigation_interfaces/include/navigation_interfaces/navigation_interfaces/srv/detail/path__rosidl_typesupport_fastrtps_cpp.hpp
[0.625s] -- Up-to-date: /home/weng/work/navigation_ws/install/navigation_interfaces/include/navigation_interfaces/navigation_interfaces/msg
[0.625s] -- Up-to-date: /home/weng/work/navigation_ws/install/navigation_interfaces/include/navigation_interfaces/navigation_interfaces/msg/rosidl_typesupport_fastrtps_cpp__visibility_control.h
[0.625s] -- Up-to-date: /home/weng/work/navigation_ws/install/navigation_interfaces/include/navigation_interfaces/navigation_interfaces/msg/detail
[0.625s] -- Up-to-date: /home/weng/work/navigation_ws/install/navigation_interfaces/include/navigation_interfaces/navigation_interfaces/msg/detail/dds_fastrtps
[0.625s] -- Up-to-date: /home/weng/work/navigation_ws/install/navigation_interfaces/include/navigation_interfaces/navigation_interfaces/msg/detail/robot_targets__rosidl_typesupport_fastrtps_cpp.hpp
[0.625s] -- Up-to-date: /home/weng/work/navigation_ws/install/navigation_interfaces/include/navigation_interfaces/navigation_interfaces/msg/detail/all_robot_targets__rosidl_typesupport_fastrtps_cpp.hpp
[0.625s] -- Up-to-date: /home/weng/work/navigation_ws/install/navigation_interfaces/lib/libnavigation_interfaces__rosidl_typesupport_fastrtps_cpp.so
[0.625s] -- Up-to-date: /home/weng/work/navigation_ws/install/navigation_interfaces/include/navigation_interfaces/navigation_interfaces
[0.625s] -- Up-to-date: /home/weng/work/navigation_ws/install/navigation_interfaces/include/navigation_interfaces/navigation_interfaces/srv
[0.625s] -- Up-to-date: /home/weng/work/navigation_ws/install/navigation_interfaces/include/navigation_interfaces/navigation_interfaces/srv/detail
[0.625s] -- Up-to-date: /home/weng/work/navigation_ws/install/navigation_interfaces/include/navigation_interfaces/navigation_interfaces/srv/detail/path_service__type_support.cpp
[0.625s] -- Up-to-date: /home/weng/work/navigation_ws/install/navigation_interfaces/include/navigation_interfaces/navigation_interfaces/srv/detail/path_service__rosidl_typesupport_introspection_cpp.hpp
[0.625s] -- Up-to-date: /home/weng/work/navigation_ws/install/navigation_interfaces/include/navigation_interfaces/navigation_interfaces/srv/detail/path__rosidl_typesupport_introspection_cpp.hpp
[0.625s] -- Up-to-date: /home/weng/work/navigation_ws/install/navigation_interfaces/include/navigation_interfaces/navigation_interfaces/srv/detail/path__type_support.cpp
[0.625s] -- Up-to-date: /home/weng/work/navigation_ws/install/navigation_interfaces/include/navigation_interfaces/navigation_interfaces/msg
[0.625s] -- Up-to-date: /home/weng/work/navigation_ws/install/navigation_interfaces/include/navigation_interfaces/navigation_interfaces/msg/detail
[0.625s] -- Up-to-date: /home/weng/work/navigation_ws/install/navigation_interfaces/include/navigation_interfaces/navigation_interfaces/msg/detail/all_robot_targets__rosidl_typesupport_introspection_cpp.hpp
[0.625s] -- Up-to-date: /home/weng/work/navigation_ws/install/navigation_interfaces/include/navigation_interfaces/navigation_interfaces/msg/detail/robot_targets__rosidl_typesupport_introspection_cpp.hpp
[0.625s] -- Up-to-date: /home/weng/work/navigation_ws/install/navigation_interfaces/include/navigation_interfaces/navigation_interfaces/msg/detail/all_robot_targets__type_support.cpp
[0.625s] -- Up-to-date: /home/weng/work/navigation_ws/install/navigation_interfaces/include/navigation_interfaces/navigation_interfaces/msg/detail/robot_targets__type_support.cpp
[0.625s] -- Up-to-date: /home/weng/work/navigation_ws/install/navigation_interfaces/lib/libnavigation_interfaces__rosidl_typesupport_introspection_cpp.so
[0.625s] -- Up-to-date: /home/weng/work/navigation_ws/install/navigation_interfaces/lib/libnavigation_interfaces__rosidl_typesupport_cpp.so
[0.625s] -- Up-to-date: /home/weng/work/navigation_ws/install/navigation_interfaces/share/navigation_interfaces/environment/pythonpath.sh
[0.625s] -- Up-to-date: /home/weng/work/navigation_ws/install/navigation_interfaces/share/navigation_interfaces/environment/pythonpath.dsv
[0.625s] -- Up-to-date: /home/weng/work/navigation_ws/install/navigation_interfaces/local/lib/python3.10/dist-packages/navigation_interfaces-0.0.0-py3.10.egg-info
[0.625s] -- Installing: /home/weng/work/navigation_ws/install/navigation_interfaces/local/lib/python3.10/dist-packages/navigation_interfaces-0.0.0-py3.10.egg-info/dependency_links.txt
[0.625s] -- Installing: /home/weng/work/navigation_ws/install/navigation_interfaces/local/lib/python3.10/dist-packages/navigation_interfaces-0.0.0-py3.10.egg-info/top_level.txt
[0.625s] -- Installing: /home/weng/work/navigation_ws/install/navigation_interfaces/local/lib/python3.10/dist-packages/navigation_interfaces-0.0.0-py3.10.egg-info/SOURCES.txt
[0.625s] -- Installing: /home/weng/work/navigation_ws/install/navigation_interfaces/local/lib/python3.10/dist-packages/navigation_interfaces-0.0.0-py3.10.egg-info/PKG-INFO
[0.625s] -- Up-to-date: /home/weng/work/navigation_ws/install/navigation_interfaces/local/lib/python3.10/dist-packages/navigation_interfaces
[0.626s] -- Up-to-date: /home/weng/work/navigation_ws/install/navigation_interfaces/local/lib/python3.10/dist-packages/navigation_interfaces/libnavigation_interfaces__rosidl_generator_py.so
[0.626s] -- Up-to-date: /home/weng/work/navigation_ws/install/navigation_interfaces/local/lib/python3.10/dist-packages/navigation_interfaces/navigation_interfaces_s__rosidl_typesupport_fastrtps_c.cpython-310-x86_64-linux-gnu.so
[0.626s] -- Up-to-date: /home/weng/work/navigation_ws/install/navigation_interfaces/local/lib/python3.10/dist-packages/navigation_interfaces/srv
[0.626s] -- Up-to-date: /home/weng/work/navigation_ws/install/navigation_interfaces/local/lib/python3.10/dist-packages/navigation_interfaces/srv/_path_s.c
[0.626s] -- Up-to-date: /home/weng/work/navigation_ws/install/navigation_interfaces/local/lib/python3.10/dist-packages/navigation_interfaces/srv/_path_service_s.c
[0.626s] -- Up-to-date: /home/weng/work/navigation_ws/install/navigation_interfaces/local/lib/python3.10/dist-packages/navigation_interfaces/srv/__init__.py
[0.626s] -- Up-to-date: /home/weng/work/navigation_ws/install/navigation_interfaces/local/lib/python3.10/dist-packages/navigation_interfaces/srv/_path.py
[0.626s] -- Up-to-date: /home/weng/work/navigation_ws/install/navigation_interfaces/local/lib/python3.10/dist-packages/navigation_interfaces/srv/_path_service.py
[0.626s] -- Up-to-date: /home/weng/work/navigation_ws/install/navigation_interfaces/local/lib/python3.10/dist-packages/navigation_interfaces/navigation_interfaces_s__rosidl_typesupport_introspection_c.cpython-310-x86_64-linux-gnu.so
[0.626s] -- Up-to-date: /home/weng/work/navigation_ws/install/navigation_interfaces/local/lib/python3.10/dist-packages/navigation_interfaces/__init__.py
[0.626s] -- Up-to-date: /home/weng/work/navigation_ws/install/navigation_interfaces/local/lib/python3.10/dist-packages/navigation_interfaces/msg
[0.626s] -- Up-to-date: /home/weng/work/navigation_ws/install/navigation_interfaces/local/lib/python3.10/dist-packages/navigation_interfaces/msg/_all_robot_targets_s.c
[0.626s] -- Up-to-date: /home/weng/work/navigation_ws/install/navigation_interfaces/local/lib/python3.10/dist-packages/navigation_interfaces/msg/__init__.py
[0.626s] -- Up-to-date: /home/weng/work/navigation_ws/install/navigation_interfaces/local/lib/python3.10/dist-packages/navigation_interfaces/msg/_robot_targets.py
[0.626s] -- Up-to-date: /home/weng/work/navigation_ws/install/navigation_interfaces/local/lib/python3.10/dist-packages/navigation_interfaces/msg/_all_robot_targets.py
[0.626s] -- Up-to-date: /home/weng/work/navigation_ws/install/navigation_interfaces/local/lib/python3.10/dist-packages/navigation_interfaces/msg/_robot_targets_s.c
[0.626s] -- Up-to-date: /home/weng/work/navigation_ws/install/navigation_interfaces/local/lib/python3.10/dist-packages/navigation_interfaces/navigation_interfaces_s__rosidl_typesupport_c.cpython-310-x86_64-linux-gnu.so
[0.626s] -- Up-to-date: /home/weng/work/navigation_ws/install/navigation_interfaces/local/lib/python3.10/dist-packages/navigation_interfaces/_navigation_interfaces_s.ep.rosidl_typesupport_c.c
[0.626s] -- Up-to-date: /home/weng/work/navigation_ws/install/navigation_interfaces/local/lib/python3.10/dist-packages/navigation_interfaces/_navigation_interfaces_s.ep.rosidl_typesupport_fastrtps_c.c
[0.626s] -- Up-to-date: /home/weng/work/navigation_ws/install/navigation_interfaces/local/lib/python3.10/dist-packages/navigation_interfaces/_navigation_interfaces_s.ep.rosidl_typesupport_introspection_c.c
[0.640s] Listing '/home/weng/work/navigation_ws/install/navigation_interfaces/local/lib/python3.10/dist-packages/navigation_interfaces'...
[0.640s] Listing '/home/weng/work/navigation_ws/install/navigation_interfaces/local/lib/python3.10/dist-packages/navigation_interfaces/msg'...
[0.640s] Listing '/home/weng/work/navigation_ws/install/navigation_interfaces/local/lib/python3.10/dist-packages/navigation_interfaces/srv'...
[0.643s] -- Up-to-date: /home/weng/work/navigation_ws/install/navigation_interfaces/local/lib/python3.10/dist-packages/navigation_interfaces/navigation_interfaces_s__rosidl_typesupport_fastrtps_c.cpython-310-x86_64-linux-gnu.so
[0.643s] -- Up-to-date: /home/weng/work/navigation_ws/install/navigation_interfaces/local/lib/python3.10/dist-packages/navigation_interfaces/navigation_interfaces_s__rosidl_typesupport_introspection_c.cpython-310-x86_64-linux-gnu.so
[0.643s] -- Up-to-date: /home/weng/work/navigation_ws/install/navigation_interfaces/local/lib/python3.10/dist-packages/navigation_interfaces/navigation_interfaces_s__rosidl_typesupport_c.cpython-310-x86_64-linux-gnu.so
[0.643s] -- Up-to-date: /home/weng/work/navigation_ws/install/navigation_interfaces/lib/libnavigation_interfaces__rosidl_generator_py.so
[0.643s] -- Up-to-date: /home/weng/work/navigation_ws/install/navigation_interfaces/share/navigation_interfaces/srv/PathService.idl
[0.644s] -- Up-to-date: /home/weng/work/navigation_ws/install/navigation_interfaces/share/navigation_interfaces/srv/Path.idl
[0.644s] -- Up-to-date: /home/weng/work/navigation_ws/install/navigation_interfaces/share/navigation_interfaces/msg/AllRobotTargets.idl
[0.644s] -- Up-to-date: /home/weng/work/navigation_ws/install/navigation_interfaces/share/navigation_interfaces/msg/RobotTargets.idl
[0.644s] -- Up-to-date: /home/weng/work/navigation_ws/install/navigation_interfaces/share/navigation_interfaces/srv/PathService.srv
[0.644s] -- Up-to-date: /home/weng/work/navigation_ws/install/navigation_interfaces/share/navigation_interfaces/srv/PathService_Request.msg
[0.644s] -- Up-to-date: /home/weng/work/navigation_ws/install/navigation_interfaces/share/navigation_interfaces/srv/PathService_Response.msg
[0.644s] -- Up-to-date: /home/weng/work/navigation_ws/install/navigation_interfaces/share/navigation_interfaces/srv/Path.srv
[0.644s] -- Up-to-date: /home/weng/work/navigation_ws/install/navigation_interfaces/share/navigation_interfaces/srv/Path_Request.msg
[0.644s] -- Up-to-date: /home/weng/work/navigation_ws/install/navigation_interfaces/share/navigation_interfaces/srv/Path_Response.msg
[0.644s] -- Up-to-date: /home/weng/work/navigation_ws/install/navigation_interfaces/share/navigation_interfaces/msg/AllRobotTargets.msg
[0.644s] -- Up-to-date: /home/weng/work/navigation_ws/install/navigation_interfaces/share/navigation_interfaces/msg/RobotTargets.msg
[0.644s] -- Up-to-date: /home/weng/work/navigation_ws/install/navigation_interfaces/share/ament_index/resource_index/package_run_dependencies/navigation_interfaces
[0.644s] -- Up-to-date: /home/weng/work/navigation_ws/install/navigation_interfaces/share/ament_index/resource_index/parent_prefix_path/navigation_interfaces
[0.644s] -- Up-to-date: /home/weng/work/navigation_ws/install/navigation_interfaces/share/navigation_interfaces/environment/ament_prefix_path.sh
[0.644s] -- Up-to-date: /home/weng/work/navigation_ws/install/navigation_interfaces/share/navigation_interfaces/environment/ament_prefix_path.dsv
[0.645s] -- Up-to-date: /home/weng/work/navigation_ws/install/navigation_interfaces/share/navigation_interfaces/environment/path.sh
[0.645s] -- Up-to-date: /home/weng/work/navigation_ws/install/navigation_interfaces/share/navigation_interfaces/environment/path.dsv
[0.645s] -- Up-to-date: /home/weng/work/navigation_ws/install/navigation_interfaces/share/navigation_interfaces/local_setup.bash
[0.645s] -- Up-to-date: /home/weng/work/navigation_ws/install/navigation_interfaces/share/navigation_interfaces/local_setup.sh
[0.645s] -- Up-to-date: /home/weng/work/navigation_ws/install/navigation_interfaces/share/navigation_interfaces/local_setup.zsh
[0.645s] -- Up-to-date: /home/weng/work/navigation_ws/install/navigation_interfaces/share/navigation_interfaces/local_setup.dsv
[0.645s] -- Installing: /home/weng/work/navigation_ws/install/navigation_interfaces/share/navigation_interfaces/package.dsv
[0.645s] -- Up-to-date: /home/weng/work/navigation_ws/install/navigation_interfaces/share/ament_index/resource_index/packages/navigation_interfaces
[0.645s] -- Up-to-date: /home/weng/work/navigation_ws/install/navigation_interfaces/share/navigation_interfaces/cmake/export_navigation_interfaces__rosidl_generator_cExport.cmake
[0.645s] -- Up-to-date: /home/weng/work/navigation_ws/install/navigation_interfaces/share/navigation_interfaces/cmake/export_navigation_interfaces__rosidl_generator_cExport-noconfig.cmake
[0.645s] -- Up-to-date: /home/weng/work/navigation_ws/install/navigation_interfaces/share/navigation_interfaces/cmake/export_navigation_interfaces__rosidl_typesupport_fastrtps_cExport.cmake
[0.645s] -- Up-to-date: /home/weng/work/navigation_ws/install/navigation_interfaces/share/navigation_interfaces/cmake/export_navigation_interfaces__rosidl_typesupport_fastrtps_cExport-noconfig.cmake
[0.645s] -- Up-to-date: /home/weng/work/navigation_ws/install/navigation_interfaces/share/navigation_interfaces/cmake/navigation_interfaces__rosidl_typesupport_introspection_cExport.cmake
[0.645s] -- Up-to-date: /home/weng/work/navigation_ws/install/navigation_interfaces/share/navigation_interfaces/cmake/navigation_interfaces__rosidl_typesupport_introspection_cExport-noconfig.cmake
[0.645s] -- Up-to-date: /home/weng/work/navigation_ws/install/navigation_interfaces/share/navigation_interfaces/cmake/navigation_interfaces__rosidl_typesupport_cExport.cmake
[0.645s] -- Up-to-date: /home/weng/work/navigation_ws/install/navigation_interfaces/share/navigation_interfaces/cmake/navigation_interfaces__rosidl_typesupport_cExport-noconfig.cmake
[0.645s] -- Up-to-date: /home/weng/work/navigation_ws/install/navigation_interfaces/share/navigation_interfaces/cmake/export_navigation_interfaces__rosidl_generator_cppExport.cmake
[0.645s] -- Up-to-date: /home/weng/work/navigation_ws/install/navigation_interfaces/share/navigation_interfaces/cmake/export_navigation_interfaces__rosidl_typesupport_fastrtps_cppExport.cmake
[0.646s] -- Up-to-date: /home/weng/work/navigation_ws/install/navigation_interfaces/share/navigation_interfaces/cmake/export_navigation_interfaces__rosidl_typesupport_fastrtps_cppExport-noconfig.cmake
[0.646s] -- Up-to-date: /home/weng/work/navigation_ws/install/navigation_interfaces/share/navigation_interfaces/cmake/navigation_interfaces__rosidl_typesupport_introspection_cppExport.cmake
[0.646s] -- Up-to-date: /home/weng/work/navigation_ws/install/navigation_interfaces/share/navigation_interfaces/cmake/navigation_interfaces__rosidl_typesupport_introspection_cppExport-noconfig.cmake
[0.646s] -- Up-to-date: /home/weng/work/navigation_ws/install/navigation_interfaces/share/navigation_interfaces/cmake/navigation_interfaces__rosidl_typesupport_cppExport.cmake
[0.646s] -- Up-to-date: /home/weng/work/navigation_ws/install/navigation_interfaces/share/navigation_interfaces/cmake/navigation_interfaces__rosidl_typesupport_cppExport-noconfig.cmake
[0.646s] -- Up-to-date: /home/weng/work/navigation_ws/install/navigation_interfaces/share/navigation_interfaces/cmake/export_navigation_interfaces__rosidl_generator_pyExport.cmake
[0.646s] -- Up-to-date: /home/weng/work/navigation_ws/install/navigation_interfaces/share/navigation_interfaces/cmake/export_navigation_interfaces__rosidl_generator_pyExport-noconfig.cmake
[0.646s] -- Up-to-date: /home/weng/work/navigation_ws/install/navigation_interfaces/share/navigation_interfaces/cmake/rosidl_cmake-extras.cmake
[0.646s] -- Up-to-date: /home/weng/work/navigation_ws/install/navigation_interfaces/share/navigation_interfaces/cmake/ament_cmake_export_include_directories-extras.cmake
[0.646s] -- Up-to-date: /home/weng/work/navigation_ws/install/navigation_interfaces/share/navigation_interfaces/cmake/ament_cmake_export_libraries-extras.cmake
[0.646s] -- Up-to-date: /home/weng/work/navigation_ws/install/navigation_interfaces/share/navigation_interfaces/cmake/ament_cmake_export_targets-extras.cmake
[0.646s] -- Up-to-date: /home/weng/work/navigation_ws/install/navigation_interfaces/share/navigation_interfaces/cmake/rosidl_cmake_export_typesupport_targets-extras.cmake
[0.646s] -- Up-to-date: /home/weng/work/navigation_ws/install/navigation_interfaces/share/navigation_interfaces/cmake/ament_cmake_export_dependencies-extras.cmake
[0.646s] -- Up-to-date: /home/weng/work/navigation_ws/install/navigation_interfaces/share/navigation_interfaces/cmake/rosidl_cmake_export_typesupport_libraries-extras.cmake
[0.646s] -- Up-to-date: /home/weng/work/navigation_ws/install/navigation_interfaces/share/navigation_interfaces/cmake/navigation_interfacesConfig.cmake
[0.646s] -- Up-to-date: /home/weng/work/navigation_ws/install/navigation_interfaces/share/navigation_interfaces/cmake/navigation_interfacesConfig-version.cmake
[0.646s] -- Up-to-date: /home/weng/work/navigation_ws/install/navigation_interfaces/share/navigation_interfaces/package.xml
[0.653s] Invoked command in '/home/weng/work/navigation_ws/build/navigation_interfaces' returned '0': CMAKE_PREFIX_PATH=${CMAKE_PREFIX_PATH}:/home/weng/work/navigation_ws/install/toolbox_pkg:/home/weng/work/navigation_ws/src/install/toolbox_pkg:/home/weng/work/navigation_ws/src/install/gpp_pkg:/home/weng/work/navigation_ws/src/install/global_path_test_pkg:/home/weng/work/navigation_ws/install/toolbox:/home/weng/work/navigation_ws/install/gpp_pkg:/home/weng/work/navigation_ws/install/global_path_test_pkg:/opt/ros/humble /usr/local/bin/cmake --install /home/weng/work/navigation_ws/build/navigation_interfaces
