[  3%] Built target navigation_interfaces__cpp
[ 12%] Built target navigation_interfaces__rosidl_generator_c
[ 12%] Built target ament_cmake_python_copy_navigation_interfaces
[ 22%] Built target navigation_interfaces__rosidl_typesupport_cpp
[ 32%] Built target navigation_interfaces__rosidl_typesupport_introspection_cpp
[ 41%] Built target navigation_interfaces__rosidl_typesupport_fastrtps_cpp
[ 51%] Built target navigation_interfaces__rosidl_typesupport_c
[ 61%] Built target navigation_interfaces__rosidl_typesupport_fastrtps_c
[ 70%] Built target navigation_interfaces__rosidl_typesupport_introspection_c
[ 70%] Built target navigation_interfaces
[ 74%] Built target navigation_interfaces__py
[ 80%] Built target navigation_interfaces__rosidl_generator_py
[ 87%] Built target navigation_interfaces__rosidl_typesupport_fastrtps_c__pyext
[ 93%] Built target navigation_interfaces__rosidl_typesupport_introspection_c__pyext
[100%] Built target navigation_interfaces__rosidl_typesupport_c__pyext
running egg_info
writing navigation_interfaces.egg-info/PKG-INFO
writing dependency_links to navigation_interfaces.egg-info/dependency_links.txt
writing top-level names to navigation_interfaces.egg-info/top_level.txt
reading manifest file 'navigation_interfaces.egg-info/SOURCES.txt'
writing manifest file 'navigation_interfaces.egg-info/SOURCES.txt'
[100%] Built target ament_cmake_python_build_navigation_interfaces_egg
-- Install configuration: ""
-- Up-to-date: /home/weng/work/navigation_ws/install/navigation_interfaces/share/ament_index/resource_index/rosidl_interfaces/navigation_interfaces
-- Up-to-date: /home/weng/work/navigation_ws/install/navigation_interfaces/include/navigation_interfaces/navigation_interfaces
-- Up-to-date: /home/weng/work/navigation_ws/install/navigation_interfaces/include/navigation_interfaces/navigation_interfaces/srv
-- Up-to-date: /home/weng/work/navigation_ws/install/navigation_interfaces/include/navigation_interfaces/navigation_interfaces/srv/path_service.h
-- Up-to-date: /home/weng/work/navigation_ws/install/navigation_interfaces/include/navigation_interfaces/navigation_interfaces/srv/detail
-- Up-to-date: /home/weng/work/navigation_ws/install/navigation_interfaces/include/navigation_interfaces/navigation_interfaces/srv/detail/path_service__type_support.h
-- Up-to-date: /home/weng/work/navigation_ws/install/navigation_interfaces/include/navigation_interfaces/navigation_interfaces/srv/detail/path_service__struct.h
-- Up-to-date: /home/weng/work/navigation_ws/install/navigation_interfaces/include/navigation_interfaces/navigation_interfaces/srv/detail/path_service__functions.c
-- Up-to-date: /home/weng/work/navigation_ws/install/navigation_interfaces/include/navigation_interfaces/navigation_interfaces/srv/detail/path_service__functions.h
-- Up-to-date: /home/weng/work/navigation_ws/install/navigation_interfaces/include/navigation_interfaces/navigation_interfaces/msg
-- Up-to-date: /home/weng/work/navigation_ws/install/navigation_interfaces/include/navigation_interfaces/navigation_interfaces/msg/rosidl_generator_c__visibility_control.h
-- Up-to-date: /home/weng/work/navigation_ws/install/navigation_interfaces/share/navigation_interfaces/environment/library_path.sh
-- Up-to-date: /home/weng/work/navigation_ws/install/navigation_interfaces/share/navigation_interfaces/environment/library_path.dsv
-- Up-to-date: /home/weng/work/navigation_ws/install/navigation_interfaces/lib/libnavigation_interfaces__rosidl_generator_c.so
-- Up-to-date: /home/weng/work/navigation_ws/install/navigation_interfaces/include/navigation_interfaces/navigation_interfaces
-- Up-to-date: /home/weng/work/navigation_ws/install/navigation_interfaces/include/navigation_interfaces/navigation_interfaces/srv
-- Up-to-date: /home/weng/work/navigation_ws/install/navigation_interfaces/include/navigation_interfaces/navigation_interfaces/srv/detail
-- Up-to-date: /home/weng/work/navigation_ws/install/navigation_interfaces/include/navigation_interfaces/navigation_interfaces/srv/detail/path_service__rosidl_typesupport_fastrtps_c.h
-- Up-to-date: /home/weng/work/navigation_ws/install/navigation_interfaces/include/navigation_interfaces/navigation_interfaces/msg
-- Up-to-date: /home/weng/work/navigation_ws/install/navigation_interfaces/include/navigation_interfaces/navigation_interfaces/msg/rosidl_typesupport_fastrtps_c__visibility_control.h
-- Up-to-date: /home/weng/work/navigation_ws/install/navigation_interfaces/lib/libnavigation_interfaces__rosidl_typesupport_fastrtps_c.so
-- Up-to-date: /home/weng/work/navigation_ws/install/navigation_interfaces/include/navigation_interfaces/navigation_interfaces
-- Up-to-date: /home/weng/work/navigation_ws/install/navigation_interfaces/include/navigation_interfaces/navigation_interfaces/srv
-- Up-to-date: /home/weng/work/navigation_ws/install/navigation_interfaces/include/navigation_interfaces/navigation_interfaces/srv/detail
-- Up-to-date: /home/weng/work/navigation_ws/install/navigation_interfaces/include/navigation_interfaces/navigation_interfaces/srv/detail/path_service__rosidl_typesupport_introspection_c.h
-- Up-to-date: /home/weng/work/navigation_ws/install/navigation_interfaces/include/navigation_interfaces/navigation_interfaces/srv/detail/path_service__type_support.c
-- Up-to-date: /home/weng/work/navigation_ws/install/navigation_interfaces/include/navigation_interfaces/navigation_interfaces/msg
-- Up-to-date: /home/weng/work/navigation_ws/install/navigation_interfaces/include/navigation_interfaces/navigation_interfaces/msg/rosidl_typesupport_introspection_c__visibility_control.h
-- Up-to-date: /home/weng/work/navigation_ws/install/navigation_interfaces/lib/libnavigation_interfaces__rosidl_typesupport_introspection_c.so
-- Up-to-date: /home/weng/work/navigation_ws/install/navigation_interfaces/lib/libnavigation_interfaces__rosidl_typesupport_c.so
-- Up-to-date: /home/weng/work/navigation_ws/install/navigation_interfaces/include/navigation_interfaces/navigation_interfaces
-- Up-to-date: /home/weng/work/navigation_ws/install/navigation_interfaces/include/navigation_interfaces/navigation_interfaces/srv
-- Up-to-date: /home/weng/work/navigation_ws/install/navigation_interfaces/include/navigation_interfaces/navigation_interfaces/srv/path_service.hpp
-- Up-to-date: /home/weng/work/navigation_ws/install/navigation_interfaces/include/navigation_interfaces/navigation_interfaces/srv/detail
-- Up-to-date: /home/weng/work/navigation_ws/install/navigation_interfaces/include/navigation_interfaces/navigation_interfaces/srv/detail/path_service__traits.hpp
-- Up-to-date: /home/weng/work/navigation_ws/install/navigation_interfaces/include/navigation_interfaces/navigation_interfaces/srv/detail/path_service__struct.hpp
-- Up-to-date: /home/weng/work/navigation_ws/install/navigation_interfaces/include/navigation_interfaces/navigation_interfaces/srv/detail/path_service__builder.hpp
-- Up-to-date: /home/weng/work/navigation_ws/install/navigation_interfaces/include/navigation_interfaces/navigation_interfaces
-- Up-to-date: /home/weng/work/navigation_ws/install/navigation_interfaces/include/navigation_interfaces/navigation_interfaces/srv
-- Up-to-date: /home/weng/work/navigation_ws/install/navigation_interfaces/include/navigation_interfaces/navigation_interfaces/srv/detail
-- Up-to-date: /home/weng/work/navigation_ws/install/navigation_interfaces/include/navigation_interfaces/navigation_interfaces/srv/detail/path_service__rosidl_typesupport_fastrtps_cpp.hpp
-- Up-to-date: /home/weng/work/navigation_ws/install/navigation_interfaces/include/navigation_interfaces/navigation_interfaces/srv/detail/dds_fastrtps
-- Up-to-date: /home/weng/work/navigation_ws/install/navigation_interfaces/include/navigation_interfaces/navigation_interfaces/msg
-- Up-to-date: /home/weng/work/navigation_ws/install/navigation_interfaces/include/navigation_interfaces/navigation_interfaces/msg/rosidl_typesupport_fastrtps_cpp__visibility_control.h
-- Up-to-date: /home/weng/work/navigation_ws/install/navigation_interfaces/lib/libnavigation_interfaces__rosidl_typesupport_fastrtps_cpp.so
-- Up-to-date: /home/weng/work/navigation_ws/install/navigation_interfaces/include/navigation_interfaces/navigation_interfaces
-- Up-to-date: /home/weng/work/navigation_ws/install/navigation_interfaces/include/navigation_interfaces/navigation_interfaces/srv
-- Up-to-date: /home/weng/work/navigation_ws/install/navigation_interfaces/include/navigation_interfaces/navigation_interfaces/srv/detail
-- Up-to-date: /home/weng/work/navigation_ws/install/navigation_interfaces/include/navigation_interfaces/navigation_interfaces/srv/detail/path_service__type_support.cpp
-- Up-to-date: /home/weng/work/navigation_ws/install/navigation_interfaces/include/navigation_interfaces/navigation_interfaces/srv/detail/path_service__rosidl_typesupport_introspection_cpp.hpp
-- Up-to-date: /home/weng/work/navigation_ws/install/navigation_interfaces/lib/libnavigation_interfaces__rosidl_typesupport_introspection_cpp.so
-- Up-to-date: /home/weng/work/navigation_ws/install/navigation_interfaces/lib/libnavigation_interfaces__rosidl_typesupport_cpp.so
-- Up-to-date: /home/weng/work/navigation_ws/install/navigation_interfaces/share/navigation_interfaces/environment/pythonpath.sh
-- Up-to-date: /home/weng/work/navigation_ws/install/navigation_interfaces/share/navigation_interfaces/environment/pythonpath.dsv
-- Up-to-date: /home/weng/work/navigation_ws/install/navigation_interfaces/local/lib/python3.10/dist-packages/navigation_interfaces-0.0.0-py3.10.egg-info
-- Installing: /home/weng/work/navigation_ws/install/navigation_interfaces/local/lib/python3.10/dist-packages/navigation_interfaces-0.0.0-py3.10.egg-info/dependency_links.txt
-- Installing: /home/weng/work/navigation_ws/install/navigation_interfaces/local/lib/python3.10/dist-packages/navigation_interfaces-0.0.0-py3.10.egg-info/top_level.txt
-- Installing: /home/weng/work/navigation_ws/install/navigation_interfaces/local/lib/python3.10/dist-packages/navigation_interfaces-0.0.0-py3.10.egg-info/SOURCES.txt
-- Installing: /home/weng/work/navigation_ws/install/navigation_interfaces/local/lib/python3.10/dist-packages/navigation_interfaces-0.0.0-py3.10.egg-info/PKG-INFO
-- Up-to-date: /home/weng/work/navigation_ws/install/navigation_interfaces/local/lib/python3.10/dist-packages/navigation_interfaces
-- Up-to-date: /home/weng/work/navigation_ws/install/navigation_interfaces/local/lib/python3.10/dist-packages/navigation_interfaces/libnavigation_interfaces__rosidl_generator_py.so
-- Up-to-date: /home/weng/work/navigation_ws/install/navigation_interfaces/local/lib/python3.10/dist-packages/navigation_interfaces/navigation_interfaces_s__rosidl_typesupport_fastrtps_c.cpython-310-x86_64-linux-gnu.so
-- Up-to-date: /home/weng/work/navigation_ws/install/navigation_interfaces/local/lib/python3.10/dist-packages/navigation_interfaces/srv
-- Up-to-date: /home/weng/work/navigation_ws/install/navigation_interfaces/local/lib/python3.10/dist-packages/navigation_interfaces/srv/_path_service_s.c
-- Up-to-date: /home/weng/work/navigation_ws/install/navigation_interfaces/local/lib/python3.10/dist-packages/navigation_interfaces/srv/__init__.py
-- Up-to-date: /home/weng/work/navigation_ws/install/navigation_interfaces/local/lib/python3.10/dist-packages/navigation_interfaces/srv/_path_service.py
-- Up-to-date: /home/weng/work/navigation_ws/install/navigation_interfaces/local/lib/python3.10/dist-packages/navigation_interfaces/navigation_interfaces_s__rosidl_typesupport_introspection_c.cpython-310-x86_64-linux-gnu.so
-- Up-to-date: /home/weng/work/navigation_ws/install/navigation_interfaces/local/lib/python3.10/dist-packages/navigation_interfaces/__init__.py
-- Up-to-date: /home/weng/work/navigation_ws/install/navigation_interfaces/local/lib/python3.10/dist-packages/navigation_interfaces/navigation_interfaces_s__rosidl_typesupport_c.cpython-310-x86_64-linux-gnu.so
-- Up-to-date: /home/weng/work/navigation_ws/install/navigation_interfaces/local/lib/python3.10/dist-packages/navigation_interfaces/_navigation_interfaces_s.ep.rosidl_typesupport_c.c
-- Up-to-date: /home/weng/work/navigation_ws/install/navigation_interfaces/local/lib/python3.10/dist-packages/navigation_interfaces/_navigation_interfaces_s.ep.rosidl_typesupport_fastrtps_c.c
-- Up-to-date: /home/weng/work/navigation_ws/install/navigation_interfaces/local/lib/python3.10/dist-packages/navigation_interfaces/_navigation_interfaces_s.ep.rosidl_typesupport_introspection_c.c
Listing '/home/weng/work/navigation_ws/install/navigation_interfaces/local/lib/python3.10/dist-packages/navigation_interfaces'...
Listing '/home/weng/work/navigation_ws/install/navigation_interfaces/local/lib/python3.10/dist-packages/navigation_interfaces/srv'...
-- Up-to-date: /home/weng/work/navigation_ws/install/navigation_interfaces/local/lib/python3.10/dist-packages/navigation_interfaces/navigation_interfaces_s__rosidl_typesupport_fastrtps_c.cpython-310-x86_64-linux-gnu.so
-- Up-to-date: /home/weng/work/navigation_ws/install/navigation_interfaces/local/lib/python3.10/dist-packages/navigation_interfaces/navigation_interfaces_s__rosidl_typesupport_introspection_c.cpython-310-x86_64-linux-gnu.so
-- Up-to-date: /home/weng/work/navigation_ws/install/navigation_interfaces/local/lib/python3.10/dist-packages/navigation_interfaces/navigation_interfaces_s__rosidl_typesupport_c.cpython-310-x86_64-linux-gnu.so
-- Up-to-date: /home/weng/work/navigation_ws/install/navigation_interfaces/lib/libnavigation_interfaces__rosidl_generator_py.so
-- Up-to-date: /home/weng/work/navigation_ws/install/navigation_interfaces/share/navigation_interfaces/srv/PathService.idl
-- Up-to-date: /home/weng/work/navigation_ws/install/navigation_interfaces/share/navigation_interfaces/srv/PathService.srv
-- Up-to-date: /home/weng/work/navigation_ws/install/navigation_interfaces/share/navigation_interfaces/srv/PathService_Request.msg
-- Up-to-date: /home/weng/work/navigation_ws/install/navigation_interfaces/share/navigation_interfaces/srv/PathService_Response.msg
-- Up-to-date: /home/weng/work/navigation_ws/install/navigation_interfaces/share/ament_index/resource_index/package_run_dependencies/navigation_interfaces
-- Up-to-date: /home/weng/work/navigation_ws/install/navigation_interfaces/share/ament_index/resource_index/parent_prefix_path/navigation_interfaces
-- Up-to-date: /home/weng/work/navigation_ws/install/navigation_interfaces/share/navigation_interfaces/environment/ament_prefix_path.sh
-- Up-to-date: /home/weng/work/navigation_ws/install/navigation_interfaces/share/navigation_interfaces/environment/ament_prefix_path.dsv
-- Up-to-date: /home/weng/work/navigation_ws/install/navigation_interfaces/share/navigation_interfaces/environment/path.sh
-- Up-to-date: /home/weng/work/navigation_ws/install/navigation_interfaces/share/navigation_interfaces/environment/path.dsv
-- Up-to-date: /home/weng/work/navigation_ws/install/navigation_interfaces/share/navigation_interfaces/local_setup.bash
-- Up-to-date: /home/weng/work/navigation_ws/install/navigation_interfaces/share/navigation_interfaces/local_setup.sh
-- Up-to-date: /home/weng/work/navigation_ws/install/navigation_interfaces/share/navigation_interfaces/local_setup.zsh
-- Up-to-date: /home/weng/work/navigation_ws/install/navigation_interfaces/share/navigation_interfaces/local_setup.dsv
-- Installing: /home/weng/work/navigation_ws/install/navigation_interfaces/share/navigation_interfaces/package.dsv
-- Up-to-date: /home/weng/work/navigation_ws/install/navigation_interfaces/share/ament_index/resource_index/packages/navigation_interfaces
-- Up-to-date: /home/weng/work/navigation_ws/install/navigation_interfaces/share/navigation_interfaces/cmake/export_navigation_interfaces__rosidl_generator_cExport.cmake
-- Up-to-date: /home/weng/work/navigation_ws/install/navigation_interfaces/share/navigation_interfaces/cmake/export_navigation_interfaces__rosidl_generator_cExport-noconfig.cmake
-- Up-to-date: /home/weng/work/navigation_ws/install/navigation_interfaces/share/navigation_interfaces/cmake/export_navigation_interfaces__rosidl_typesupport_fastrtps_cExport.cmake
-- Up-to-date: /home/weng/work/navigation_ws/install/navigation_interfaces/share/navigation_interfaces/cmake/export_navigation_interfaces__rosidl_typesupport_fastrtps_cExport-noconfig.cmake
-- Up-to-date: /home/weng/work/navigation_ws/install/navigation_interfaces/share/navigation_interfaces/cmake/navigation_interfaces__rosidl_typesupport_introspection_cExport.cmake
-- Up-to-date: /home/weng/work/navigation_ws/install/navigation_interfaces/share/navigation_interfaces/cmake/navigation_interfaces__rosidl_typesupport_introspection_cExport-noconfig.cmake
-- Up-to-date: /home/weng/work/navigation_ws/install/navigation_interfaces/share/navigation_interfaces/cmake/navigation_interfaces__rosidl_typesupport_cExport.cmake
-- Up-to-date: /home/weng/work/navigation_ws/install/navigation_interfaces/share/navigation_interfaces/cmake/navigation_interfaces__rosidl_typesupport_cExport-noconfig.cmake
-- Up-to-date: /home/weng/work/navigation_ws/install/navigation_interfaces/share/navigation_interfaces/cmake/export_navigation_interfaces__rosidl_generator_cppExport.cmake
-- Up-to-date: /home/weng/work/navigation_ws/install/navigation_interfaces/share/navigation_interfaces/cmake/export_navigation_interfaces__rosidl_typesupport_fastrtps_cppExport.cmake
-- Up-to-date: /home/weng/work/navigation_ws/install/navigation_interfaces/share/navigation_interfaces/cmake/export_navigation_interfaces__rosidl_typesupport_fastrtps_cppExport-noconfig.cmake
-- Up-to-date: /home/weng/work/navigation_ws/install/navigation_interfaces/share/navigation_interfaces/cmake/navigation_interfaces__rosidl_typesupport_introspection_cppExport.cmake
-- Up-to-date: /home/weng/work/navigation_ws/install/navigation_interfaces/share/navigation_interfaces/cmake/navigation_interfaces__rosidl_typesupport_introspection_cppExport-noconfig.cmake
-- Up-to-date: /home/weng/work/navigation_ws/install/navigation_interfaces/share/navigation_interfaces/cmake/navigation_interfaces__rosidl_typesupport_cppExport.cmake
-- Up-to-date: /home/weng/work/navigation_ws/install/navigation_interfaces/share/navigation_interfaces/cmake/navigation_interfaces__rosidl_typesupport_cppExport-noconfig.cmake
-- Up-to-date: /home/weng/work/navigation_ws/install/navigation_interfaces/share/navigation_interfaces/cmake/export_navigation_interfaces__rosidl_generator_pyExport.cmake
-- Up-to-date: /home/weng/work/navigation_ws/install/navigation_interfaces/share/navigation_interfaces/cmake/export_navigation_interfaces__rosidl_generator_pyExport-noconfig.cmake
-- Up-to-date: /home/weng/work/navigation_ws/install/navigation_interfaces/share/navigation_interfaces/cmake/rosidl_cmake-extras.cmake
-- Up-to-date: /home/weng/work/navigation_ws/install/navigation_interfaces/share/navigation_interfaces/cmake/ament_cmake_export_include_directories-extras.cmake
-- Up-to-date: /home/weng/work/navigation_ws/install/navigation_interfaces/share/navigation_interfaces/cmake/ament_cmake_export_libraries-extras.cmake
-- Up-to-date: /home/weng/work/navigation_ws/install/navigation_interfaces/share/navigation_interfaces/cmake/ament_cmake_export_targets-extras.cmake
-- Up-to-date: /home/weng/work/navigation_ws/install/navigation_interfaces/share/navigation_interfaces/cmake/rosidl_cmake_export_typesupport_targets-extras.cmake
-- Up-to-date: /home/weng/work/navigation_ws/install/navigation_interfaces/share/navigation_interfaces/cmake/ament_cmake_export_dependencies-extras.cmake
-- Up-to-date: /home/weng/work/navigation_ws/install/navigation_interfaces/share/navigation_interfaces/cmake/rosidl_cmake_export_typesupport_libraries-extras.cmake
-- Up-to-date: /home/weng/work/navigation_ws/install/navigation_interfaces/share/navigation_interfaces/cmake/navigation_interfacesConfig.cmake
-- Up-to-date: /home/weng/work/navigation_ws/install/navigation_interfaces/share/navigation_interfaces/cmake/navigation_interfacesConfig-version.cmake
-- Up-to-date: /home/weng/work/navigation_ws/install/navigation_interfaces/share/navigation_interfaces/package.xml
