[0.359s] Invoking command in '/home/weng/work/navigation_ws/src/gpp_pkg': PYTHONPATH=/home/weng/work/navigation_ws/build/gpp_pkg/prefix_override:/home/weng/work/navigation_ws/install/gpp_pkg/lib/python3.10/site-packages:${PYTHONPATH} /usr/bin/python3 -W ignore:setup.py install is deprecated setup.py egg_info --egg-base ../../build/gpp_pkg build --build-base /home/weng/work/navigation_ws/build/gpp_pkg/build install --record /home/weng/work/navigation_ws/build/gpp_pkg/install.log --single-version-externally-managed install_data
[0.457s] running egg_info
[0.457s] creating ../../build/gpp_pkg/gpp_pkg.egg-info
[0.457s] writing ../../build/gpp_pkg/gpp_pkg.egg-info/PKG-INFO
[0.457s] writing dependency_links to ../../build/gpp_pkg/gpp_pkg.egg-info/dependency_links.txt
[0.457s] writing entry points to ../../build/gpp_pkg/gpp_pkg.egg-info/entry_points.txt
[0.457s] writing requirements to ../../build/gpp_pkg/gpp_pkg.egg-info/requires.txt
[0.458s] writing top-level names to ../../build/gpp_pkg/gpp_pkg.egg-info/top_level.txt
[0.458s] writing manifest file '../../build/gpp_pkg/gpp_pkg.egg-info/SOURCES.txt'
[0.458s] reading manifest file '../../build/gpp_pkg/gpp_pkg.egg-info/SOURCES.txt'
[0.459s] adding license file 'LICENSE'
[0.459s] writing manifest file '../../build/gpp_pkg/gpp_pkg.egg-info/SOURCES.txt'
[0.459s] running build
[0.459s] running build_py
[0.459s] creating /home/weng/work/navigation_ws/build/gpp_pkg/build
[0.459s] creating /home/weng/work/navigation_ws/build/gpp_pkg/build/lib
[0.459s] creating /home/weng/work/navigation_ws/build/gpp_pkg/build/lib/gpp_pkg
[0.459s] copying gpp_pkg/main.py -> /home/weng/work/navigation_ws/build/gpp_pkg/build/lib/gpp_pkg
[0.459s] copying gpp_pkg/__init__.py -> /home/weng/work/navigation_ws/build/gpp_pkg/build/lib/gpp_pkg
[0.459s] copying gpp_pkg/GPP_environment.py -> /home/weng/work/navigation_ws/build/gpp_pkg/build/lib/gpp_pkg
[0.459s] copying gpp_pkg/motion_controller_node.py -> /home/weng/work/navigation_ws/build/gpp_pkg/build/lib/gpp_pkg
[0.459s] copying gpp_pkg/Model_architecture.py -> /home/weng/work/navigation_ws/build/gpp_pkg/build/lib/gpp_pkg
[0.459s] running install
[0.459s] running install_lib
[0.460s] creating /home/weng/work/navigation_ws/install/gpp_pkg/lib/python3.10/site-packages/gpp_pkg
[0.460s] copying /home/weng/work/navigation_ws/build/gpp_pkg/build/lib/gpp_pkg/main.py -> /home/weng/work/navigation_ws/install/gpp_pkg/lib/python3.10/site-packages/gpp_pkg
[0.460s] copying /home/weng/work/navigation_ws/build/gpp_pkg/build/lib/gpp_pkg/__init__.py -> /home/weng/work/navigation_ws/install/gpp_pkg/lib/python3.10/site-packages/gpp_pkg
[0.460s] copying /home/weng/work/navigation_ws/build/gpp_pkg/build/lib/gpp_pkg/GPP_environment.py -> /home/weng/work/navigation_ws/install/gpp_pkg/lib/python3.10/site-packages/gpp_pkg
[0.460s] copying /home/weng/work/navigation_ws/build/gpp_pkg/build/lib/gpp_pkg/motion_controller_node.py -> /home/weng/work/navigation_ws/install/gpp_pkg/lib/python3.10/site-packages/gpp_pkg
[0.460s] copying /home/weng/work/navigation_ws/build/gpp_pkg/build/lib/gpp_pkg/Model_architecture.py -> /home/weng/work/navigation_ws/install/gpp_pkg/lib/python3.10/site-packages/gpp_pkg
[0.460s] byte-compiling /home/weng/work/navigation_ws/install/gpp_pkg/lib/python3.10/site-packages/gpp_pkg/main.py to main.cpython-310.pyc
[0.461s] byte-compiling /home/weng/work/navigation_ws/install/gpp_pkg/lib/python3.10/site-packages/gpp_pkg/__init__.py to __init__.cpython-310.pyc
[0.461s] byte-compiling /home/weng/work/navigation_ws/install/gpp_pkg/lib/python3.10/site-packages/gpp_pkg/GPP_environment.py to GPP_environment.cpython-310.pyc
[0.462s] byte-compiling /home/weng/work/navigation_ws/install/gpp_pkg/lib/python3.10/site-packages/gpp_pkg/motion_controller_node.py to motion_controller_node.cpython-310.pyc
[0.462s] byte-compiling /home/weng/work/navigation_ws/install/gpp_pkg/lib/python3.10/site-packages/gpp_pkg/Model_architecture.py to Model_architecture.cpython-310.pyc
[0.463s] running install_data
[0.463s] creating /home/weng/work/navigation_ws/install/gpp_pkg/share/ament_index
[0.463s] creating /home/weng/work/navigation_ws/install/gpp_pkg/share/ament_index/resource_index
[0.463s] creating /home/weng/work/navigation_ws/install/gpp_pkg/share/ament_index/resource_index/packages
[0.463s] copying resource/gpp_pkg -> /home/weng/work/navigation_ws/install/gpp_pkg/share/ament_index/resource_index/packages
[0.463s] copying package.xml -> /home/weng/work/navigation_ws/install/gpp_pkg/share/gpp_pkg
[0.463s] creating /home/weng/work/navigation_ws/install/gpp_pkg/share/gpp_pkg/model
[0.463s] copying model/policy_net_final.pth -> /home/weng/work/navigation_ws/install/gpp_pkg/share/gpp_pkg/model
[0.467s] copying model/policy_net_initial.pth -> /home/weng/work/navigation_ws/install/gpp_pkg/share/gpp_pkg/model
[0.470s] running install_egg_info
[0.471s] Copying ../../build/gpp_pkg/gpp_pkg.egg-info to /home/weng/work/navigation_ws/install/gpp_pkg/lib/python3.10/site-packages/gpp_pkg-0.0.0-py3.10.egg-info
[0.471s] running install_scripts
[0.482s] Installing gpp_client script to /home/weng/work/navigation_ws/install/gpp_pkg/lib/gpp_pkg
[0.482s] Installing gpp_service script to /home/weng/work/navigation_ws/install/gpp_pkg/lib/gpp_pkg
[0.482s] writing list of installed files to '/home/weng/work/navigation_ws/build/gpp_pkg/install.log'
[0.493s] Invoked command in '/home/weng/work/navigation_ws/src/gpp_pkg' returned '0': PYTHONPATH=/home/weng/work/navigation_ws/build/gpp_pkg/prefix_override:/home/weng/work/navigation_ws/install/gpp_pkg/lib/python3.10/site-packages:${PYTHONPATH} /usr/bin/python3 -W ignore:setup.py install is deprecated setup.py egg_info --egg-base ../../build/gpp_pkg build --build-base /home/weng/work/navigation_ws/build/gpp_pkg/build install --record /home/weng/work/navigation_ws/build/gpp_pkg/install.log --single-version-externally-managed install_data
