[0.214s] Invoking command in '/home/weng/work/navigation_ws/build/navigation_interfaces': CMAKE_PREFIX_PATH=${CMAKE_PREFIX_PATH}:/home/weng/work/navigation_ws/install/gpp_pkg:/home/weng/work/navigation_ws/install/global_path_test_pkg:/opt/ros/humble /usr/local/bin/cmake /home/weng/work/navigation_ws/src/navigation_interfaces -DCMAKE_INSTALL_PREFIX=/home/weng/work/navigation_ws/install/navigation_interfaces
[0.268s] -- The C compiler identification is GNU 11.4.0
[0.295s] -- The CXX compiler identification is GNU 11.4.0
[0.300s] -- Detecting C compiler ABI info
[0.327s] -- Detecting C compiler ABI info - done
[0.336s] -- Check for working C compiler: /usr/bin/cc - skipped
[0.336s] -- Detecting C compile features
[0.336s] -- Detecting C compile features - done
[0.338s] -- Detecting CXX compiler ABI info
[0.372s] -- Detecting CXX compiler ABI info - done
[0.380s] -- Check for working CXX compiler: /usr/bin/c++ - skipped
[0.380s] -- Detecting CXX compile features
[0.380s] -- Detecting CXX compile features - done
[0.382s] -- Found ament_cmake: 1.3.8 (/opt/ros/humble/share/ament_cmake/cmake)
[0.447s] -- Found Python3: /usr/bin/python3 (found version "3.10.12") found components: Interpreter
[0.494s] -- Found rosidl_default_generators: 1.2.0 (/opt/ros/humble/share/rosidl_default_generators/cmake)
[0.495s] -- Using all available rosidl_typesupport_c: rosidl_typesupport_fastrtps_c;rosidl_typesupport_introspection_c
[0.500s] -- Found rosidl_adapter: 3.1.5 (/opt/ros/humble/share/rosidl_adapter/cmake)
[0.525s] -- Using all available rosidl_typesupport_cpp: rosidl_typesupport_fastrtps_cpp;rosidl_typesupport_introspection_cpp
[0.758s] -- Found ament_cmake_ros: 0.10.0 (/opt/ros/humble/share/ament_cmake_ros/cmake)
[1.019s] -- Using all available rosidl_typesupport_c: rosidl_typesupport_fastrtps_c;rosidl_typesupport_introspection_c
[1.384s] -- Using all available rosidl_typesupport_cpp: rosidl_typesupport_fastrtps_cpp;rosidl_typesupport_introspection_cpp
[1.385s] [33mCMake Warning (dev) at /opt/ros/humble/share/rosidl_generator_py/cmake/rosidl_generator_py_generate_interfaces.cmake:20 (find_package):
[1.385s]   Policy CMP0148 is not set: The FindPythonInterp and FindPythonLibs modules
[1.385s]   are removed.  Run "cmake --help-policy CMP0148" for policy details.  Use
[1.385s]   the cmake_policy command to set the policy and suppress this warning.
[1.385s] 
[1.385s] Call Stack (most recent call first):
[1.385s]   /opt/ros/humble/share/ament_cmake_core/cmake/core/ament_execute_extensions.cmake:48 (include)
[1.385s]   /opt/ros/humble/share/rosidl_cmake/cmake/rosidl_generate_interfaces.cmake:286 (ament_execute_extensions)
[1.385s]   CMakeLists.txt:12 (rosidl_generate_interfaces)
[1.385s] This warning is for project developers.  Use -Wno-dev to suppress it.
[1.385s] [0m
[1.395s] -- Found PythonInterp: /usr/bin/python3 (found suitable version "3.10.12", minimum required is "3.6")
[1.397s] -- Found python_cmake_module: 0.10.0 (/opt/ros/humble/share/python_cmake_module/cmake)
[1.397s] [33mCMake Warning (dev) at /opt/ros/humble/share/python_cmake_module/cmake/Modules/FindPythonExtra.cmake:52 (find_package):
[1.397s]   Policy CMP0148 is not set: The FindPythonInterp and FindPythonLibs modules
[1.397s]   are removed.  Run "cmake --help-policy CMP0148" for policy details.  Use
[1.397s]   the cmake_policy command to set the policy and suppress this warning.
[1.397s] 
[1.397s] Call Stack (most recent call first):
[1.397s]   /opt/ros/humble/share/rosidl_generator_py/cmake/rosidl_generator_py_generate_interfaces.cmake:23 (find_package)
[1.397s]   /opt/ros/humble/share/ament_cmake_core/cmake/core/ament_execute_extensions.cmake:48 (include)
[1.397s]   /opt/ros/humble/share/rosidl_cmake/cmake/rosidl_generate_interfaces.cmake:286 (ament_execute_extensions)
[1.398s]   CMakeLists.txt:12 (rosidl_generate_interfaces)
[1.398s] This warning is for project developers.  Use -Wno-dev to suppress it.
[1.398s] [0m
[1.410s] [33mCMake Warning (dev) at /opt/ros/humble/share/python_cmake_module/cmake/Modules/FindPythonExtra.cmake:140 (find_package):
[1.410s]   Policy CMP0148 is not set: The FindPythonInterp and FindPythonLibs modules
[1.410s]   are removed.  Run "cmake --help-policy CMP0148" for policy details.  Use
[1.410s]   the cmake_policy command to set the policy and suppress this warning.
[1.410s] 
[1.410s] Call Stack (most recent call first):
[1.410s]   /opt/ros/humble/share/rosidl_generator_py/cmake/rosidl_generator_py_generate_interfaces.cmake:23 (find_package)
[1.410s]   /opt/ros/humble/share/ament_cmake_core/cmake/core/ament_execute_extensions.cmake:48 (include)
[1.410s]   /opt/ros/humble/share/rosidl_cmake/cmake/rosidl_generate_interfaces.cmake:286 (ament_execute_extensions)
[1.410s]   CMakeLists.txt:12 (rosidl_generate_interfaces)
[1.410s] This warning is for project developers.  Use -Wno-dev to suppress it.
[1.410s] [0m
[1.412s] -- Found PythonLibs: /usr/lib/x86_64-linux-gnu/libpython3.10.so (found suitable version "3.10.12", minimum required is "3.5")
[1.412s] -- Using PYTHON_EXECUTABLE: /usr/bin/python3
[1.412s] -- Using PYTHON_INCLUDE_DIRS: /usr/include/python3.10
[1.412s] -- Using PYTHON_LIBRARIES: /usr/lib/x86_64-linux-gnu/libpython3.10.so
[1.423s] -- Found PythonExtra: .so
[1.441s] -- Found ament_lint_auto: 0.12.10 (/opt/ros/humble/share/ament_lint_auto/cmake)
[1.453s] -- Added test 'lint_cmake' to check CMake code style
[1.453s] -- Added test 'xmllint' to check XML markup files
[1.454s] -- Configuring done (1.2s)
[1.467s] -- Generating done (0.0s)
[1.469s] -- Build files have been written to: /home/weng/work/navigation_ws/build/navigation_interfaces
[1.477s] Invoked command in '/home/weng/work/navigation_ws/build/navigation_interfaces' returned '0': CMAKE_PREFIX_PATH=${CMAKE_PREFIX_PATH}:/home/weng/work/navigation_ws/install/gpp_pkg:/home/weng/work/navigation_ws/install/global_path_test_pkg:/opt/ros/humble /usr/local/bin/cmake /home/weng/work/navigation_ws/src/navigation_interfaces -DCMAKE_INSTALL_PREFIX=/home/weng/work/navigation_ws/install/navigation_interfaces
[1.478s] Invoking command in '/home/weng/work/navigation_ws/build/navigation_interfaces': CMAKE_PREFIX_PATH=${CMAKE_PREFIX_PATH}:/home/weng/work/navigation_ws/install/gpp_pkg:/home/weng/work/navigation_ws/install/global_path_test_pkg:/opt/ros/humble /usr/local/bin/cmake --build /home/weng/work/navigation_ws/build/navigation_interfaces -- -j24 -l24
[1.519s] [  3%] [34m[1mGenerating C code for ROS interfaces[0m
[1.521s] [  6%] [34m[1mGenerating C++ code for ROS interfaces[0m
[1.522s] [  6%] Built target ament_cmake_python_copy_navigation_interfaces
[1.621s] running egg_info
[1.622s] creating navigation_interfaces.egg-info
[1.622s] writing navigation_interfaces.egg-info/PKG-INFO
[1.622s] writing dependency_links to navigation_interfaces.egg-info/dependency_links.txt
[1.622s] writing top-level names to navigation_interfaces.egg-info/top_level.txt
[1.622s] writing manifest file 'navigation_interfaces.egg-info/SOURCES.txt'
[1.623s] reading manifest file 'navigation_interfaces.egg-info/SOURCES.txt'
[1.623s] writing manifest file 'navigation_interfaces.egg-info/SOURCES.txt'
[1.630s] [  6%] Built target navigation_interfaces__cpp
[1.632s] [  9%] [32mBuilding C object CMakeFiles/navigation_interfaces__rosidl_generator_c.dir/rosidl_generator_c/navigation_interfaces/srv/detail/path_service__functions.c.o[0m
[1.633s] [ 12%] [34m[1mGenerating C++ type support dispatch for ROS interfaces[0m
[1.633s] [ 19%] [34m[1mGenerating C++ introspection for ROS interfaces[0m
[1.633s] [ 19%] [34m[1mGenerating C++ type support for eProsima Fast-RTPS[0m
[1.633s] [ 19%] Built target ament_cmake_python_build_navigation_interfaces_egg
[1.656s] [ 22%] [32m[1mLinking C shared library libnavigation_interfaces__rosidl_generator_c.so[0m
[1.668s] [ 22%] Built target navigation_interfaces__rosidl_generator_c
[1.670s] [ 29%] [34m[1mGenerating C type support for eProsima Fast-RTPS[0m
[1.670s] [ 29%] [34m[1mGenerating C introspection for ROS interfaces[0m
[1.670s] [ 32%] [34m[1mGenerating C type support dispatch for ROS interfaces[0m
[1.731s] [ 35%] [32mBuilding CXX object CMakeFiles/navigation_interfaces__rosidl_typesupport_cpp.dir/rosidl_typesupport_cpp/navigation_interfaces/srv/path_service__type_support.cpp.o[0m
[1.738s] [ 38%] [32mBuilding CXX object CMakeFiles/navigation_interfaces__rosidl_typesupport_introspection_cpp.dir/rosidl_typesupport_introspection_cpp/navigation_interfaces/srv/detail/path_service__type_support.cpp.o[0m
[1.740s] [ 41%] [32mBuilding CXX object CMakeFiles/navigation_interfaces__rosidl_typesupport_fastrtps_cpp.dir/rosidl_typesupport_fastrtps_cpp/navigation_interfaces/srv/detail/dds_fastrtps/path_service__type_support.cpp.o[0m
[1.766s] [ 45%] [32mBuilding CXX object CMakeFiles/navigation_interfaces__rosidl_typesupport_c.dir/rosidl_typesupport_c/navigation_interfaces/srv/path_service__type_support.cpp.o[0m
[1.776s] [ 48%] [32mBuilding CXX object CMakeFiles/navigation_interfaces__rosidl_typesupport_fastrtps_c.dir/rosidl_typesupport_fastrtps_c/navigation_interfaces/srv/detail/path_service__type_support_c.cpp.o[0m
[1.777s] [ 51%] [32mBuilding C object CMakeFiles/navigation_interfaces__rosidl_typesupport_introspection_c.dir/rosidl_typesupport_introspection_c/navigation_interfaces/srv/detail/path_service__type_support.c.o[0m
[1.777s] [ 54%] [32m[1mLinking CXX shared library libnavigation_interfaces__rosidl_typesupport_c.so[0m
[1.790s] [ 58%] [32m[1mLinking C shared library libnavigation_interfaces__rosidl_typesupport_introspection_c.so[0m
[1.790s] [ 58%] Built target navigation_interfaces__rosidl_typesupport_c
[1.799s] [ 58%] Built target navigation_interfaces__rosidl_typesupport_introspection_c
[1.835s] [ 61%] [32m[1mLinking CXX shared library libnavigation_interfaces__rosidl_typesupport_cpp.so[0m
[1.849s] [ 61%] Built target navigation_interfaces__rosidl_typesupport_cpp
[1.888s] [ 64%] [32m[1mLinking CXX shared library libnavigation_interfaces__rosidl_typesupport_introspection_cpp.so[0m
[1.899s] [ 67%] [32m[1mLinking CXX shared library libnavigation_interfaces__rosidl_typesupport_fastrtps_cpp.so[0m
[1.912s] [ 67%] Built target navigation_interfaces__rosidl_typesupport_introspection_cpp
[1.916s] [ 70%] [32m[1mLinking CXX shared library libnavigation_interfaces__rosidl_typesupport_fastrtps_c.so[0m
[1.928s] [ 70%] Built target navigation_interfaces__rosidl_typesupport_fastrtps_cpp
[1.944s] [ 70%] Built target navigation_interfaces__rosidl_typesupport_fastrtps_c
[1.948s] [ 70%] Built target navigation_interfaces
[1.952s] [ 74%] [34m[1mGenerating Python code for ROS interfaces[0m
[2.095s] [ 74%] Built target navigation_interfaces__py
[2.099s] [ 77%] [32mBuilding C object CMakeFiles/navigation_interfaces__rosidl_generator_py.dir/rosidl_generator_py/navigation_interfaces/srv/_path_service_s.c.o[0m
[2.143s] [ 80%] [32m[1mLinking C shared library rosidl_generator_py/navigation_interfaces/libnavigation_interfaces__rosidl_generator_py.so[0m
[2.155s] [ 80%] Built target navigation_interfaces__rosidl_generator_py
[2.161s] [ 83%] [32mBuilding C object CMakeFiles/navigation_interfaces__rosidl_typesupport_fastrtps_c__pyext.dir/rosidl_generator_py/navigation_interfaces/_navigation_interfaces_s.ep.rosidl_typesupport_fastrtps_c.c.o[0m
[2.161s] [ 90%] [32mBuilding C object CMakeFiles/navigation_interfaces__rosidl_typesupport_introspection_c__pyext.dir/rosidl_generator_py/navigation_interfaces/_navigation_interfaces_s.ep.rosidl_typesupport_introspection_c.c.o[0m
[2.161s] [ 90%] [32mBuilding C object CMakeFiles/navigation_interfaces__rosidl_typesupport_c__pyext.dir/rosidl_generator_py/navigation_interfaces/_navigation_interfaces_s.ep.rosidl_typesupport_c.c.o[0m
[2.202s] [ 96%] [32m[1mLinking C shared library rosidl_generator_py/navigation_interfaces/navigation_interfaces_s__rosidl_typesupport_introspection_c.cpython-310-x86_64-linux-gnu.so[0m
[2.202s] [ 96%] [32m[1mLinking C shared library rosidl_generator_py/navigation_interfaces/navigation_interfaces_s__rosidl_typesupport_c.cpython-310-x86_64-linux-gnu.so[0m
[2.203s] [100%] [32m[1mLinking C shared library rosidl_generator_py/navigation_interfaces/navigation_interfaces_s__rosidl_typesupport_fastrtps_c.cpython-310-x86_64-linux-gnu.so[0m
[2.212s] [100%] Built target navigation_interfaces__rosidl_typesupport_c__pyext
[2.212s] [100%] Built target navigation_interfaces__rosidl_typesupport_introspection_c__pyext
[2.213s] [100%] Built target navigation_interfaces__rosidl_typesupport_fastrtps_c__pyext
[2.222s] Invoked command in '/home/weng/work/navigation_ws/build/navigation_interfaces' returned '0': CMAKE_PREFIX_PATH=${CMAKE_PREFIX_PATH}:/home/weng/work/navigation_ws/install/gpp_pkg:/home/weng/work/navigation_ws/install/global_path_test_pkg:/opt/ros/humble /usr/local/bin/cmake --build /home/weng/work/navigation_ws/build/navigation_interfaces -- -j24 -l24
[2.339s] Invoking command in '/home/weng/work/navigation_ws/build/navigation_interfaces': CMAKE_PREFIX_PATH=${CMAKE_PREFIX_PATH}:/home/weng/work/navigation_ws/install/gpp_pkg:/home/weng/work/navigation_ws/install/global_path_test_pkg:/opt/ros/humble /usr/local/bin/cmake --install /home/weng/work/navigation_ws/build/navigation_interfaces
[2.374s] -- Install configuration: ""
[2.374s] -- Installing: /home/weng/work/navigation_ws/install/navigation_interfaces/share/ament_index/resource_index/rosidl_interfaces/navigation_interfaces
[2.374s] -- Installing: /home/weng/work/navigation_ws/install/navigation_interfaces/include/navigation_interfaces/navigation_interfaces
[2.374s] -- Installing: /home/weng/work/navigation_ws/install/navigation_interfaces/include/navigation_interfaces/navigation_interfaces/srv
[2.374s] -- Installing: /home/weng/work/navigation_ws/install/navigation_interfaces/include/navigation_interfaces/navigation_interfaces/srv/path_service.h
[2.374s] -- Installing: /home/weng/work/navigation_ws/install/navigation_interfaces/include/navigation_interfaces/navigation_interfaces/srv/detail
[2.374s] -- Installing: /home/weng/work/navigation_ws/install/navigation_interfaces/include/navigation_interfaces/navigation_interfaces/srv/detail/path_service__type_support.h
[2.374s] -- Installing: /home/weng/work/navigation_ws/install/navigation_interfaces/include/navigation_interfaces/navigation_interfaces/srv/detail/path_service__struct.h
[2.374s] -- Installing: /home/weng/work/navigation_ws/install/navigation_interfaces/include/navigation_interfaces/navigation_interfaces/srv/detail/path_service__functions.c
[2.374s] -- Installing: /home/weng/work/navigation_ws/install/navigation_interfaces/include/navigation_interfaces/navigation_interfaces/srv/detail/path_service__functions.h
[2.374s] -- Installing: /home/weng/work/navigation_ws/install/navigation_interfaces/include/navigation_interfaces/navigation_interfaces/msg
[2.374s] -- Installing: /home/weng/work/navigation_ws/install/navigation_interfaces/include/navigation_interfaces/navigation_interfaces/msg/rosidl_generator_c__visibility_control.h
[2.374s] -- Installing: /home/weng/work/navigation_ws/install/navigation_interfaces/share/navigation_interfaces/environment/library_path.sh
[2.374s] -- Installing: /home/weng/work/navigation_ws/install/navigation_interfaces/share/navigation_interfaces/environment/library_path.dsv
[2.375s] -- Installing: /home/weng/work/navigation_ws/install/navigation_interfaces/lib/libnavigation_interfaces__rosidl_generator_c.so
[2.375s] -- Set non-toolchain portion of runtime path of "/home/weng/work/navigation_ws/install/navigation_interfaces/lib/libnavigation_interfaces__rosidl_generator_c.so" to ""
[2.375s] -- Up-to-date: /home/weng/work/navigation_ws/install/navigation_interfaces/include/navigation_interfaces/navigation_interfaces
[2.375s] -- Up-to-date: /home/weng/work/navigation_ws/install/navigation_interfaces/include/navigation_interfaces/navigation_interfaces/srv
[2.375s] -- Up-to-date: /home/weng/work/navigation_ws/install/navigation_interfaces/include/navigation_interfaces/navigation_interfaces/srv/detail
[2.375s] -- Installing: /home/weng/work/navigation_ws/install/navigation_interfaces/include/navigation_interfaces/navigation_interfaces/srv/detail/path_service__rosidl_typesupport_fastrtps_c.h
[2.375s] -- Up-to-date: /home/weng/work/navigation_ws/install/navigation_interfaces/include/navigation_interfaces/navigation_interfaces/msg
[2.375s] -- Installing: /home/weng/work/navigation_ws/install/navigation_interfaces/include/navigation_interfaces/navigation_interfaces/msg/rosidl_typesupport_fastrtps_c__visibility_control.h
[2.375s] -- Installing: /home/weng/work/navigation_ws/install/navigation_interfaces/lib/libnavigation_interfaces__rosidl_typesupport_fastrtps_c.so
[2.375s] -- Set non-toolchain portion of runtime path of "/home/weng/work/navigation_ws/install/navigation_interfaces/lib/libnavigation_interfaces__rosidl_typesupport_fastrtps_c.so" to ""
[2.375s] -- Up-to-date: /home/weng/work/navigation_ws/install/navigation_interfaces/include/navigation_interfaces/navigation_interfaces
[2.375s] -- Up-to-date: /home/weng/work/navigation_ws/install/navigation_interfaces/include/navigation_interfaces/navigation_interfaces/srv
[2.375s] -- Up-to-date: /home/weng/work/navigation_ws/install/navigation_interfaces/include/navigation_interfaces/navigation_interfaces/srv/detail
[2.375s] -- Installing: /home/weng/work/navigation_ws/install/navigation_interfaces/include/navigation_interfaces/navigation_interfaces/srv/detail/path_service__rosidl_typesupport_introspection_c.h
[2.375s] -- Installing: /home/weng/work/navigation_ws/install/navigation_interfaces/include/navigation_interfaces/navigation_interfaces/srv/detail/path_service__type_support.c
[2.375s] -- Up-to-date: /home/weng/work/navigation_ws/install/navigation_interfaces/include/navigation_interfaces/navigation_interfaces/msg
[2.375s] -- Installing: /home/weng/work/navigation_ws/install/navigation_interfaces/include/navigation_interfaces/navigation_interfaces/msg/rosidl_typesupport_introspection_c__visibility_control.h
[2.375s] -- Installing: /home/weng/work/navigation_ws/install/navigation_interfaces/lib/libnavigation_interfaces__rosidl_typesupport_introspection_c.so
[2.375s] -- Set non-toolchain portion of runtime path of "/home/weng/work/navigation_ws/install/navigation_interfaces/lib/libnavigation_interfaces__rosidl_typesupport_introspection_c.so" to ""
[2.375s] -- Installing: /home/weng/work/navigation_ws/install/navigation_interfaces/lib/libnavigation_interfaces__rosidl_typesupport_c.so
[2.375s] -- Set non-toolchain portion of runtime path of "/home/weng/work/navigation_ws/install/navigation_interfaces/lib/libnavigation_interfaces__rosidl_typesupport_c.so" to ""
[2.375s] -- Up-to-date: /home/weng/work/navigation_ws/install/navigation_interfaces/include/navigation_interfaces/navigation_interfaces
[2.376s] -- Up-to-date: /home/weng/work/navigation_ws/install/navigation_interfaces/include/navigation_interfaces/navigation_interfaces/srv
[2.376s] -- Installing: /home/weng/work/navigation_ws/install/navigation_interfaces/include/navigation_interfaces/navigation_interfaces/srv/path_service.hpp
[2.376s] -- Up-to-date: /home/weng/work/navigation_ws/install/navigation_interfaces/include/navigation_interfaces/navigation_interfaces/srv/detail
[2.376s] -- Installing: /home/weng/work/navigation_ws/install/navigation_interfaces/include/navigation_interfaces/navigation_interfaces/srv/detail/path_service__traits.hpp
[2.376s] -- Installing: /home/weng/work/navigation_ws/install/navigation_interfaces/include/navigation_interfaces/navigation_interfaces/srv/detail/path_service__struct.hpp
[2.376s] -- Installing: /home/weng/work/navigation_ws/install/navigation_interfaces/include/navigation_interfaces/navigation_interfaces/srv/detail/path_service__builder.hpp
[2.376s] -- Up-to-date: /home/weng/work/navigation_ws/install/navigation_interfaces/include/navigation_interfaces/navigation_interfaces
[2.376s] -- Up-to-date: /home/weng/work/navigation_ws/install/navigation_interfaces/include/navigation_interfaces/navigation_interfaces/srv
[2.376s] -- Up-to-date: /home/weng/work/navigation_ws/install/navigation_interfaces/include/navigation_interfaces/navigation_interfaces/srv/detail
[2.376s] -- Installing: /home/weng/work/navigation_ws/install/navigation_interfaces/include/navigation_interfaces/navigation_interfaces/srv/detail/path_service__rosidl_typesupport_fastrtps_cpp.hpp
[2.376s] -- Installing: /home/weng/work/navigation_ws/install/navigation_interfaces/include/navigation_interfaces/navigation_interfaces/srv/detail/dds_fastrtps
[2.376s] -- Up-to-date: /home/weng/work/navigation_ws/install/navigation_interfaces/include/navigation_interfaces/navigation_interfaces/msg
[2.376s] -- Installing: /home/weng/work/navigation_ws/install/navigation_interfaces/include/navigation_interfaces/navigation_interfaces/msg/rosidl_typesupport_fastrtps_cpp__visibility_control.h
[2.376s] -- Installing: /home/weng/work/navigation_ws/install/navigation_interfaces/lib/libnavigation_interfaces__rosidl_typesupport_fastrtps_cpp.so
[2.376s] -- Set non-toolchain portion of runtime path of "/home/weng/work/navigation_ws/install/navigation_interfaces/lib/libnavigation_interfaces__rosidl_typesupport_fastrtps_cpp.so" to ""
[2.376s] -- Up-to-date: /home/weng/work/navigation_ws/install/navigation_interfaces/include/navigation_interfaces/navigation_interfaces
[2.376s] -- Up-to-date: /home/weng/work/navigation_ws/install/navigation_interfaces/include/navigation_interfaces/navigation_interfaces/srv
[2.376s] -- Up-to-date: /home/weng/work/navigation_ws/install/navigation_interfaces/include/navigation_interfaces/navigation_interfaces/srv/detail
[2.376s] -- Installing: /home/weng/work/navigation_ws/install/navigation_interfaces/include/navigation_interfaces/navigation_interfaces/srv/detail/path_service__type_support.cpp
[2.376s] -- Installing: /home/weng/work/navigation_ws/install/navigation_interfaces/include/navigation_interfaces/navigation_interfaces/srv/detail/path_service__rosidl_typesupport_introspection_cpp.hpp
[2.376s] -- Installing: /home/weng/work/navigation_ws/install/navigation_interfaces/lib/libnavigation_interfaces__rosidl_typesupport_introspection_cpp.so
[2.376s] -- Set non-toolchain portion of runtime path of "/home/weng/work/navigation_ws/install/navigation_interfaces/lib/libnavigation_interfaces__rosidl_typesupport_introspection_cpp.so" to ""
[2.376s] -- Installing: /home/weng/work/navigation_ws/install/navigation_interfaces/lib/libnavigation_interfaces__rosidl_typesupport_cpp.so
[2.376s] -- Set non-toolchain portion of runtime path of "/home/weng/work/navigation_ws/install/navigation_interfaces/lib/libnavigation_interfaces__rosidl_typesupport_cpp.so" to ""
[2.376s] -- Installing: /home/weng/work/navigation_ws/install/navigation_interfaces/share/navigation_interfaces/environment/pythonpath.sh
[2.376s] -- Installing: /home/weng/work/navigation_ws/install/navigation_interfaces/share/navigation_interfaces/environment/pythonpath.dsv
[2.376s] -- Installing: /home/weng/work/navigation_ws/install/navigation_interfaces/local/lib/python3.10/dist-packages/navigation_interfaces-0.0.0-py3.10.egg-info
[2.376s] -- Installing: /home/weng/work/navigation_ws/install/navigation_interfaces/local/lib/python3.10/dist-packages/navigation_interfaces-0.0.0-py3.10.egg-info/dependency_links.txt
[2.376s] -- Installing: /home/weng/work/navigation_ws/install/navigation_interfaces/local/lib/python3.10/dist-packages/navigation_interfaces-0.0.0-py3.10.egg-info/top_level.txt
[2.377s] -- Installing: /home/weng/work/navigation_ws/install/navigation_interfaces/local/lib/python3.10/dist-packages/navigation_interfaces-0.0.0-py3.10.egg-info/SOURCES.txt
[2.377s] -- Installing: /home/weng/work/navigation_ws/install/navigation_interfaces/local/lib/python3.10/dist-packages/navigation_interfaces-0.0.0-py3.10.egg-info/PKG-INFO
[2.377s] -- Installing: /home/weng/work/navigation_ws/install/navigation_interfaces/local/lib/python3.10/dist-packages/navigation_interfaces
[2.377s] -- Installing: /home/weng/work/navigation_ws/install/navigation_interfaces/local/lib/python3.10/dist-packages/navigation_interfaces/libnavigation_interfaces__rosidl_generator_py.so
[2.377s] -- Installing: /home/weng/work/navigation_ws/install/navigation_interfaces/local/lib/python3.10/dist-packages/navigation_interfaces/navigation_interfaces_s__rosidl_typesupport_fastrtps_c.cpython-310-x86_64-linux-gnu.so
[2.377s] -- Installing: /home/weng/work/navigation_ws/install/navigation_interfaces/local/lib/python3.10/dist-packages/navigation_interfaces/srv
[2.377s] -- Installing: /home/weng/work/navigation_ws/install/navigation_interfaces/local/lib/python3.10/dist-packages/navigation_interfaces/srv/_path_service_s.c
[2.377s] -- Installing: /home/weng/work/navigation_ws/install/navigation_interfaces/local/lib/python3.10/dist-packages/navigation_interfaces/srv/__init__.py
[2.377s] -- Installing: /home/weng/work/navigation_ws/install/navigation_interfaces/local/lib/python3.10/dist-packages/navigation_interfaces/srv/_path_service.py
[2.377s] -- Installing: /home/weng/work/navigation_ws/install/navigation_interfaces/local/lib/python3.10/dist-packages/navigation_interfaces/navigation_interfaces_s__rosidl_typesupport_introspection_c.cpython-310-x86_64-linux-gnu.so
[2.377s] -- Installing: /home/weng/work/navigation_ws/install/navigation_interfaces/local/lib/python3.10/dist-packages/navigation_interfaces/__init__.py
[2.377s] -- Installing: /home/weng/work/navigation_ws/install/navigation_interfaces/local/lib/python3.10/dist-packages/navigation_interfaces/navigation_interfaces_s__rosidl_typesupport_c.cpython-310-x86_64-linux-gnu.so
[2.377s] -- Installing: /home/weng/work/navigation_ws/install/navigation_interfaces/local/lib/python3.10/dist-packages/navigation_interfaces/_navigation_interfaces_s.ep.rosidl_typesupport_c.c
[2.377s] -- Installing: /home/weng/work/navigation_ws/install/navigation_interfaces/local/lib/python3.10/dist-packages/navigation_interfaces/_navigation_interfaces_s.ep.rosidl_typesupport_fastrtps_c.c
[2.377s] -- Installing: /home/weng/work/navigation_ws/install/navigation_interfaces/local/lib/python3.10/dist-packages/navigation_interfaces/_navigation_interfaces_s.ep.rosidl_typesupport_introspection_c.c
[2.393s] Listing '/home/weng/work/navigation_ws/install/navigation_interfaces/local/lib/python3.10/dist-packages/navigation_interfaces'...
[2.393s] Compiling '/home/weng/work/navigation_ws/install/navigation_interfaces/local/lib/python3.10/dist-packages/navigation_interfaces/__init__.py'...
[2.393s] Listing '/home/weng/work/navigation_ws/install/navigation_interfaces/local/lib/python3.10/dist-packages/navigation_interfaces/srv'...
[2.393s] Compiling '/home/weng/work/navigation_ws/install/navigation_interfaces/local/lib/python3.10/dist-packages/navigation_interfaces/srv/__init__.py'...
[2.393s] Compiling '/home/weng/work/navigation_ws/install/navigation_interfaces/local/lib/python3.10/dist-packages/navigation_interfaces/srv/_path_service.py'...
[2.395s] -- Installing: /home/weng/work/navigation_ws/install/navigation_interfaces/local/lib/python3.10/dist-packages/navigation_interfaces/navigation_interfaces_s__rosidl_typesupport_fastrtps_c.cpython-310-x86_64-linux-gnu.so
[2.395s] -- Set non-toolchain portion of runtime path of "/home/weng/work/navigation_ws/install/navigation_interfaces/local/lib/python3.10/dist-packages/navigation_interfaces/navigation_interfaces_s__rosidl_typesupport_fastrtps_c.cpython-310-x86_64-linux-gnu.so" to ""
[2.395s] -- Installing: /home/weng/work/navigation_ws/install/navigation_interfaces/local/lib/python3.10/dist-packages/navigation_interfaces/navigation_interfaces_s__rosidl_typesupport_introspection_c.cpython-310-x86_64-linux-gnu.so
[2.396s] -- Set non-toolchain portion of runtime path of "/home/weng/work/navigation_ws/install/navigation_interfaces/local/lib/python3.10/dist-packages/navigation_interfaces/navigation_interfaces_s__rosidl_typesupport_introspection_c.cpython-310-x86_64-linux-gnu.so" to ""
[2.396s] -- Installing: /home/weng/work/navigation_ws/install/navigation_interfaces/local/lib/python3.10/dist-packages/navigation_interfaces/navigation_interfaces_s__rosidl_typesupport_c.cpython-310-x86_64-linux-gnu.so
[2.396s] -- Set non-toolchain portion of runtime path of "/home/weng/work/navigation_ws/install/navigation_interfaces/local/lib/python3.10/dist-packages/navigation_interfaces/navigation_interfaces_s__rosidl_typesupport_c.cpython-310-x86_64-linux-gnu.so" to ""
[2.396s] -- Installing: /home/weng/work/navigation_ws/install/navigation_interfaces/lib/libnavigation_interfaces__rosidl_generator_py.so
[2.396s] -- Set non-toolchain portion of runtime path of "/home/weng/work/navigation_ws/install/navigation_interfaces/lib/libnavigation_interfaces__rosidl_generator_py.so" to ""
[2.396s] -- Installing: /home/weng/work/navigation_ws/install/navigation_interfaces/share/navigation_interfaces/srv/PathService.idl
[2.396s] -- Installing: /home/weng/work/navigation_ws/install/navigation_interfaces/share/navigation_interfaces/srv/PathService.srv
[2.396s] -- Installing: /home/weng/work/navigation_ws/install/navigation_interfaces/share/navigation_interfaces/srv/PathService_Request.msg
[2.396s] -- Installing: /home/weng/work/navigation_ws/install/navigation_interfaces/share/navigation_interfaces/srv/PathService_Response.msg
[2.396s] -- Installing: /home/weng/work/navigation_ws/install/navigation_interfaces/share/ament_index/resource_index/package_run_dependencies/navigation_interfaces
[2.396s] -- Installing: /home/weng/work/navigation_ws/install/navigation_interfaces/share/ament_index/resource_index/parent_prefix_path/navigation_interfaces
[2.396s] -- Installing: /home/weng/work/navigation_ws/install/navigation_interfaces/share/navigation_interfaces/environment/ament_prefix_path.sh
[2.396s] -- Installing: /home/weng/work/navigation_ws/install/navigation_interfaces/share/navigation_interfaces/environment/ament_prefix_path.dsv
[2.396s] -- Installing: /home/weng/work/navigation_ws/install/navigation_interfaces/share/navigation_interfaces/environment/path.sh
[2.396s] -- Installing: /home/weng/work/navigation_ws/install/navigation_interfaces/share/navigation_interfaces/environment/path.dsv
[2.396s] -- Installing: /home/weng/work/navigation_ws/install/navigation_interfaces/share/navigation_interfaces/local_setup.bash
[2.396s] -- Installing: /home/weng/work/navigation_ws/install/navigation_interfaces/share/navigation_interfaces/local_setup.sh
[2.396s] -- Installing: /home/weng/work/navigation_ws/install/navigation_interfaces/share/navigation_interfaces/local_setup.zsh
[2.396s] -- Installing: /home/weng/work/navigation_ws/install/navigation_interfaces/share/navigation_interfaces/local_setup.dsv
[2.397s] -- Installing: /home/weng/work/navigation_ws/install/navigation_interfaces/share/navigation_interfaces/package.dsv
[2.397s] -- Installing: /home/weng/work/navigation_ws/install/navigation_interfaces/share/ament_index/resource_index/packages/navigation_interfaces
[2.397s] -- Installing: /home/weng/work/navigation_ws/install/navigation_interfaces/share/navigation_interfaces/cmake/export_navigation_interfaces__rosidl_generator_cExport.cmake
[2.397s] -- Installing: /home/weng/work/navigation_ws/install/navigation_interfaces/share/navigation_interfaces/cmake/export_navigation_interfaces__rosidl_generator_cExport-noconfig.cmake
[2.397s] -- Installing: /home/weng/work/navigation_ws/install/navigation_interfaces/share/navigation_interfaces/cmake/export_navigation_interfaces__rosidl_typesupport_fastrtps_cExport.cmake
[2.397s] -- Installing: /home/weng/work/navigation_ws/install/navigation_interfaces/share/navigation_interfaces/cmake/export_navigation_interfaces__rosidl_typesupport_fastrtps_cExport-noconfig.cmake
[2.397s] -- Installing: /home/weng/work/navigation_ws/install/navigation_interfaces/share/navigation_interfaces/cmake/navigation_interfaces__rosidl_typesupport_introspection_cExport.cmake
[2.397s] -- Installing: /home/weng/work/navigation_ws/install/navigation_interfaces/share/navigation_interfaces/cmake/navigation_interfaces__rosidl_typesupport_introspection_cExport-noconfig.cmake
[2.397s] -- Installing: /home/weng/work/navigation_ws/install/navigation_interfaces/share/navigation_interfaces/cmake/navigation_interfaces__rosidl_typesupport_cExport.cmake
[2.397s] -- Installing: /home/weng/work/navigation_ws/install/navigation_interfaces/share/navigation_interfaces/cmake/navigation_interfaces__rosidl_typesupport_cExport-noconfig.cmake
[2.397s] -- Installing: /home/weng/work/navigation_ws/install/navigation_interfaces/share/navigation_interfaces/cmake/export_navigation_interfaces__rosidl_generator_cppExport.cmake
[2.397s] -- Installing: /home/weng/work/navigation_ws/install/navigation_interfaces/share/navigation_interfaces/cmake/export_navigation_interfaces__rosidl_typesupport_fastrtps_cppExport.cmake
[2.398s] -- Installing: /home/weng/work/navigation_ws/install/navigation_interfaces/share/navigation_interfaces/cmake/export_navigation_interfaces__rosidl_typesupport_fastrtps_cppExport-noconfig.cmake
[2.398s] -- Installing: /home/weng/work/navigation_ws/install/navigation_interfaces/share/navigation_interfaces/cmake/navigation_interfaces__rosidl_typesupport_introspection_cppExport.cmake
[2.398s] -- Installing: /home/weng/work/navigation_ws/install/navigation_interfaces/share/navigation_interfaces/cmake/navigation_interfaces__rosidl_typesupport_introspection_cppExport-noconfig.cmake
[2.398s] -- Installing: /home/weng/work/navigation_ws/install/navigation_interfaces/share/navigation_interfaces/cmake/navigation_interfaces__rosidl_typesupport_cppExport.cmake
[2.398s] -- Installing: /home/weng/work/navigation_ws/install/navigation_interfaces/share/navigation_interfaces/cmake/navigation_interfaces__rosidl_typesupport_cppExport-noconfig.cmake
[2.398s] -- Installing: /home/weng/work/navigation_ws/install/navigation_interfaces/share/navigation_interfaces/cmake/export_navigation_interfaces__rosidl_generator_pyExport.cmake
[2.398s] -- Installing: /home/weng/work/navigation_ws/install/navigation_interfaces/share/navigation_interfaces/cmake/export_navigation_interfaces__rosidl_generator_pyExport-noconfig.cmake
[2.398s] -- Installing: /home/weng/work/navigation_ws/install/navigation_interfaces/share/navigation_interfaces/cmake/rosidl_cmake-extras.cmake
[2.398s] -- Installing: /home/weng/work/navigation_ws/install/navigation_interfaces/share/navigation_interfaces/cmake/ament_cmake_export_include_directories-extras.cmake
[2.398s] -- Installing: /home/weng/work/navigation_ws/install/navigation_interfaces/share/navigation_interfaces/cmake/ament_cmake_export_libraries-extras.cmake
[2.398s] -- Installing: /home/weng/work/navigation_ws/install/navigation_interfaces/share/navigation_interfaces/cmake/ament_cmake_export_targets-extras.cmake
[2.398s] -- Installing: /home/weng/work/navigation_ws/install/navigation_interfaces/share/navigation_interfaces/cmake/rosidl_cmake_export_typesupport_targets-extras.cmake
[2.398s] -- Installing: /home/weng/work/navigation_ws/install/navigation_interfaces/share/navigation_interfaces/cmake/ament_cmake_export_dependencies-extras.cmake
[2.398s] -- Installing: /home/weng/work/navigation_ws/install/navigation_interfaces/share/navigation_interfaces/cmake/rosidl_cmake_export_typesupport_libraries-extras.cmake
[2.398s] -- Installing: /home/weng/work/navigation_ws/install/navigation_interfaces/share/navigation_interfaces/cmake/navigation_interfacesConfig.cmake
[2.398s] -- Installing: /home/weng/work/navigation_ws/install/navigation_interfaces/share/navigation_interfaces/cmake/navigation_interfacesConfig-version.cmake
[2.398s] -- Installing: /home/weng/work/navigation_ws/install/navigation_interfaces/share/navigation_interfaces/package.xml
[2.404s] Invoked command in '/home/weng/work/navigation_ws/build/navigation_interfaces' returned '0': CMAKE_PREFIX_PATH=${CMAKE_PREFIX_PATH}:/home/weng/work/navigation_ws/install/gpp_pkg:/home/weng/work/navigation_ws/install/global_path_test_pkg:/opt/ros/humble /usr/local/bin/cmake --install /home/weng/work/navigation_ws/build/navigation_interfaces
